<?xml version="1.0" encoding="utf-8"?>
<testsuites>
<testsuite package="org.eslint" time="0" tests="32" errors="32" name="C:\Users\KIIT\Documents\workspace\frescoplay2\test\bootstrap.test.js">
<testcase time="0" name="org.eslint.no-var"><failure message="Unexpected var, use let or const instead."><![CDATA[line 1, col 1, Error - Unexpected var, use let or const instead. (no-var)]]></failure></testcase>
<testcase time="0" name="org.eslint.quotes"><failure message="Strings must use doublequote."><![CDATA[line 1, col 21, Error - Strings must use doublequote. (quotes)]]></failure></testcase>
<testcase time="0" name="org.eslint.no-var"><failure message="Unexpected var, use let or const instead."><![CDATA[line 2, col 1, Error - Unexpected var, use let or const instead. (no-var)]]></failure></testcase>
<testcase time="0" name="org.eslint.quotes"><failure message="Strings must use doublequote."><![CDATA[line 2, col 23, Error - Strings must use doublequote. (quotes)]]></failure></testcase>
<testcase time="0" name="org.eslint.import/newline-after-import"><failure message="Expected 1 empty line after require statement not followed by another require."><![CDATA[line 3, col 1, Error - Expected 1 empty line after require statement not followed by another require. (import/newline-after-import)]]></failure></testcase>
<testcase time="0" name="org.eslint.quotes"><failure message="Strings must use doublequote."><![CDATA[line 3, col 23, Error - Strings must use doublequote. (quotes)]]></failure></testcase>
<testcase time="0" name="org.eslint.no-undef"><failure message="&apos;chai&apos; is not defined."><![CDATA[line 4, col 17, Error - &apos;chai&apos; is not defined. (no-undef)]]></failure></testcase>
<testcase time="0" name="org.eslint.quotes"><failure message="Strings must use doublequote."><![CDATA[line 6, col 9, Error - Strings must use doublequote. (quotes)]]></failure></testcase>
<testcase time="0" name="org.eslint.no-undef"><failure message="&apos;before&apos; is not defined."><![CDATA[line 8, col 1, Error - &apos;before&apos; is not defined. (no-undef)]]></failure></testcase>
<testcase time="0" name="org.eslint.prefer-arrow-callback"><failure message="Unexpected function expression."><![CDATA[line 8, col 8, Error - Unexpected function expression. (prefer-arrow-callback)]]></failure></testcase>
<testcase time="0" name="org.eslint.func-names"><failure message="Unexpected unnamed function."><![CDATA[line 8, col 8, Warning - Unexpected unnamed function. (func-names)]]></failure></testcase>
<testcase time="0" name="org.eslint.space-before-function-paren"><failure message="Missing space before function parentheses."><![CDATA[line 8, col 16, Error - Missing space before function parentheses. (space-before-function-paren)]]></failure></testcase>
<testcase time="0" name="org.eslint.padded-blocks"><failure message="Block must not be padded by blank lines."><![CDATA[line 8, col 23, Error - Block must not be padded by blank lines. (padded-blocks)]]></failure></testcase>
<testcase time="0" name="org.eslint.quotes"><failure message="Strings must use doublequote."><![CDATA[line 12, col 14, Error - Strings must use doublequote. (quotes)]]></failure></testcase>
<testcase time="0" name="org.eslint.comma-dangle"><failure message="Missing trailing comma."><![CDATA[line 12, col 21, Error - Missing trailing comma. (comma-dangle)]]></failure></testcase>
<testcase time="0" name="org.eslint.quotes"><failure message="Strings must use doublequote."><![CDATA[line 15, col 19, Error - Strings must use doublequote. (quotes)]]></failure></testcase>
<testcase time="0" name="org.eslint.quotes"><failure message="Strings must use doublequote."><![CDATA[line 16, col 16, Error - Strings must use doublequote. (quotes)]]></failure></testcase>
<testcase time="0" name="org.eslint.comma-dangle"><failure message="Missing trailing comma."><![CDATA[line 16, col 22, Error - Missing trailing comma. (comma-dangle)]]></failure></testcase>
<testcase time="0" name="org.eslint.comma-dangle"><failure message="Missing trailing comma."><![CDATA[line 17, col 6, Error - Missing trailing comma. (comma-dangle)]]></failure></testcase>
<testcase time="0" name="org.eslint.prefer-arrow-callback"><failure message="Unexpected function expression."><![CDATA[line 18, col 6, Error - Unexpected function expression. (prefer-arrow-callback)]]></failure></testcase>
<testcase time="0" name="org.eslint.func-names"><failure message="Unexpected unnamed function."><![CDATA[line 18, col 6, Warning - Unexpected unnamed function. (func-names)]]></failure></testcase>
<testcase time="0" name="org.eslint.space-before-function-paren"><failure message="Missing space before function parentheses."><![CDATA[line 18, col 14, Error - Missing space before function parentheses. (space-before-function-paren)]]></failure></testcase>
<testcase time="0" name="org.eslint.curly"><failure message="Expected { after &apos;if&apos; condition."><![CDATA[line 19, col 5, Error - Expected { after &apos;if&apos; condition. (curly)]]></failure></testcase>
<testcase time="0" name="org.eslint.no-else-return"><failure message="Unnecessary &apos;else&apos; after &apos;return&apos;."><![CDATA[line 21, col 10, Error - Unnecessary &apos;else&apos; after &apos;return&apos;. (no-else-return)]]></failure></testcase>
<testcase time="0" name="org.eslint.no-var"><failure message="Unexpected var, use let or const instead."><![CDATA[line 22, col 7, Error - Unexpected var, use let or const instead. (no-var)]]></failure></testcase>
<testcase time="0" name="org.eslint.vars-on-top"><failure message="All &apos;var&apos; declarations must be at the top of the function scope."><![CDATA[line 22, col 7, Error - All &apos;var&apos; declarations must be at the top of the function scope. (vars-on-top)]]></failure></testcase>
<testcase time="0" name="org.eslint.no-undef"><failure message="&apos;fixtures&apos; is not defined."><![CDATA[line 23, col 7, Error - &apos;fixtures&apos; is not defined. (no-undef)]]></failure></testcase>
<testcase time="0" name="org.eslint.no-undef"><failure message="&apos;after&apos; is not defined."><![CDATA[line 30, col 1, Error - &apos;after&apos; is not defined. (no-undef)]]></failure></testcase>
<testcase time="0" name="org.eslint.func-names"><failure message="Unexpected unnamed function."><![CDATA[line 30, col 7, Warning - Unexpected unnamed function. (func-names)]]></failure></testcase>
<testcase time="0" name="org.eslint.prefer-arrow-callback"><failure message="Unexpected function expression."><![CDATA[line 30, col 7, Error - Unexpected function expression. (prefer-arrow-callback)]]></failure></testcase>
<testcase time="0" name="org.eslint.space-before-function-paren"><failure message="Missing space before function parentheses."><![CDATA[line 30, col 15, Error - Missing space before function parentheses. (space-before-function-paren)]]></failure></testcase>
<testcase time="0" name="org.eslint.no-console"><failure message="Unexpected console statement."><![CDATA[line 31, col 3, Warning - Unexpected console statement. (no-console)]]></failure></testcase>
</testsuite>
<testsuite package="org.eslint" time="0" tests="114" errors="114" name="C:\Users\KIIT\Documents\workspace\frescoplay2\test\controllers\AccessoriesController.test.js">
<testcase time="0" name="org.eslint.no-var"><failure message="Unexpected var, use let or const instead."><![CDATA[line 1, col 1, Error - Unexpected var, use let or const instead. (no-var)]]></failure></testcase>
<testcase time="0" name="org.eslint.quotes"><failure message="Strings must use doublequote."><![CDATA[line 1, col 25, Error - Strings must use doublequote. (quotes)]]></failure></testcase>
<testcase time="0" name="org.eslint.no-var"><failure message="Unexpected var, use let or const instead."><![CDATA[line 2, col 1, Error - Unexpected var, use let or const instead. (no-var)]]></failure></testcase>
<testcase time="0" name="org.eslint.no-unused-vars"><failure message="&apos;assert&apos; is assigned a value but never used."><![CDATA[line 2, col 5, Error - &apos;assert&apos; is assigned a value but never used. (no-unused-vars)]]></failure></testcase>
<testcase time="0" name="org.eslint.quotes"><failure message="Strings must use doublequote."><![CDATA[line 2, col 22, Error - Strings must use doublequote. (quotes)]]></failure></testcase>
<testcase time="0" name="org.eslint.quotes"><failure message="Strings must use doublequote."><![CDATA[line 5, col 9, Error - Strings must use doublequote. (quotes)]]></failure></testcase>
<testcase time="0" name="org.eslint.no-undef"><failure message="&apos;describe&apos; is not defined."><![CDATA[line 7, col 1, Error - &apos;describe&apos; is not defined. (no-undef)]]></failure></testcase>
<testcase time="0" name="org.eslint.quotes"><failure message="Strings must use doublequote."><![CDATA[line 7, col 10, Error - Strings must use doublequote. (quotes)]]></failure></testcase>
<testcase time="0" name="org.eslint.prefer-arrow-callback"><failure message="Unexpected function expression."><![CDATA[line 7, col 36, Error - Unexpected function expression. (prefer-arrow-callback)]]></failure></testcase>
<testcase time="0" name="org.eslint.func-names"><failure message="Unexpected unnamed function."><![CDATA[line 7, col 36, Warning - Unexpected unnamed function. (func-names)]]></failure></testcase>
<testcase time="0" name="org.eslint.no-undef"><failure message="&apos;it&apos; is not defined."><![CDATA[line 8, col 3, Error - &apos;it&apos; is not defined. (no-undef)]]></failure></testcase>
<testcase time="0" name="org.eslint.quotes"><failure message="Strings must use doublequote."><![CDATA[line 8, col 6, Error - Strings must use doublequote. (quotes)]]></failure></testcase>
<testcase time="0" name="org.eslint.prefer-arrow-callback"><failure message="Unexpected function expression."><![CDATA[line 8, col 26, Error - Unexpected function expression. (prefer-arrow-callback)]]></failure></testcase>
<testcase time="0" name="org.eslint.func-names"><failure message="Unexpected unnamed function."><![CDATA[line 8, col 26, Warning - Unexpected unnamed function. (func-names)]]></failure></testcase>
<testcase time="0" name="org.eslint.no-var"><failure message="Unexpected var, use let or const instead."><![CDATA[line 9, col 5, Error - Unexpected var, use let or const instead. (no-var)]]></failure></testcase>
<testcase time="0" name="org.eslint.no-undef"><failure message="&apos;sails&apos; is not defined."><![CDATA[line 9, col 33, Error - &apos;sails&apos; is not defined. (no-undef)]]></failure></testcase>
<testcase time="0" name="org.eslint.quotes"><failure message="Strings must use doublequote."><![CDATA[line 12, col 12, Error - Strings must use doublequote. (quotes)]]></failure></testcase>
<testcase time="0" name="org.eslint.func-names"><failure message="Unexpected unnamed function."><![CDATA[line 15, col 12, Warning - Unexpected unnamed function. (func-names)]]></failure></testcase>
<testcase time="0" name="org.eslint.prefer-arrow-callback"><failure message="Unexpected function expression."><![CDATA[line 15, col 12, Error - Unexpected function expression. (prefer-arrow-callback)]]></failure></testcase>
<testcase time="0" name="org.eslint.no-unused-vars"><failure message="&apos;result&apos; is defined but never used."><![CDATA[line 15, col 27, Error - &apos;result&apos; is defined but never used. (no-unused-vars)]]></failure></testcase>
<testcase time="0" name="org.eslint.no-console"><failure message="Unexpected console statement."><![CDATA[line 17, col 12, Warning - Unexpected console statement. (no-console)]]></failure></testcase>
<testcase time="0" name="org.eslint.quotes"><failure message="Strings must use doublequote."><![CDATA[line 17, col 24, Error - Strings must use doublequote. (quotes)]]></failure></testcase>
<testcase time="0" name="org.eslint.comma-spacing"><failure message="A space is required after &apos;,&apos;."><![CDATA[line 17, col 29, Error - A space is required after &apos;,&apos;. (comma-spacing)]]></failure></testcase>
<testcase time="0" name="org.eslint.padded-blocks"><failure message="Block must not be padded by blank lines."><![CDATA[line 19, col 16, Error - Block must not be padded by blank lines. (padded-blocks)]]></failure></testcase>
<testcase time="0" name="org.eslint.no-trailing-spaces"><failure message="Trailing spaces not allowed."><![CDATA[line 20, col 1, Error - Trailing spaces not allowed. (no-trailing-spaces)]]></failure></testcase>
<testcase time="0" name="org.eslint.no-undef"><failure message="&apos;it&apos; is not defined."><![CDATA[line 26, col 3, Error - &apos;it&apos; is not defined. (no-undef)]]></failure></testcase>
<testcase time="0" name="org.eslint.quotes"><failure message="Strings must use doublequote."><![CDATA[line 26, col 6, Error - Strings must use doublequote. (quotes)]]></failure></testcase>
<testcase time="0" name="org.eslint.func-names"><failure message="Unexpected unnamed function."><![CDATA[line 26, col 28, Warning - Unexpected unnamed function. (func-names)]]></failure></testcase>
<testcase time="0" name="org.eslint.prefer-arrow-callback"><failure message="Unexpected function expression."><![CDATA[line 26, col 28, Error - Unexpected function expression. (prefer-arrow-callback)]]></failure></testcase>
<testcase time="0" name="org.eslint.no-var"><failure message="Unexpected var, use let or const instead."><![CDATA[line 27, col 5, Error - Unexpected var, use let or const instead. (no-var)]]></failure></testcase>
<testcase time="0" name="org.eslint.no-undef"><failure message="&apos;sails&apos; is not defined."><![CDATA[line 27, col 33, Error - &apos;sails&apos; is not defined. (no-undef)]]></failure></testcase>
<testcase time="0" name="org.eslint.quotes"><failure message="Strings must use doublequote."><![CDATA[line 29, col 12, Error - Strings must use doublequote. (quotes)]]></failure></testcase>
<testcase time="0" name="org.eslint.prefer-arrow-callback"><failure message="Unexpected function expression."><![CDATA[line 32, col 12, Error - Unexpected function expression. (prefer-arrow-callback)]]></failure></testcase>
<testcase time="0" name="org.eslint.func-names"><failure message="Unexpected unnamed function."><![CDATA[line 32, col 12, Warning - Unexpected unnamed function. (func-names)]]></failure></testcase>
<testcase time="0" name="org.eslint.no-unused-vars"><failure message="&apos;result&apos; is defined but never used."><![CDATA[line 32, col 27, Error - &apos;result&apos; is defined but never used. (no-unused-vars)]]></failure></testcase>
<testcase time="0" name="org.eslint.no-console"><failure message="Unexpected console statement."><![CDATA[line 34, col 12, Warning - Unexpected console statement. (no-console)]]></failure></testcase>
<testcase time="0" name="org.eslint.quotes"><failure message="Strings must use doublequote."><![CDATA[line 34, col 24, Error - Strings must use doublequote. (quotes)]]></failure></testcase>
<testcase time="0" name="org.eslint.comma-spacing"><failure message="A space is required after &apos;,&apos;."><![CDATA[line 34, col 29, Error - A space is required after &apos;,&apos;. (comma-spacing)]]></failure></testcase>
<testcase time="0" name="org.eslint.padded-blocks"><failure message="Block must not be padded by blank lines."><![CDATA[line 36, col 16, Error - Block must not be padded by blank lines. (padded-blocks)]]></failure></testcase>
<testcase time="0" name="org.eslint.no-trailing-spaces"><failure message="Trailing spaces not allowed."><![CDATA[line 37, col 1, Error - Trailing spaces not allowed. (no-trailing-spaces)]]></failure></testcase>
<testcase time="0" name="org.eslint.no-undef"><failure message="&apos;it&apos; is not defined."><![CDATA[line 43, col 3, Error - &apos;it&apos; is not defined. (no-undef)]]></failure></testcase>
<testcase time="0" name="org.eslint.quotes"><failure message="Strings must use doublequote."><![CDATA[line 43, col 6, Error - Strings must use doublequote. (quotes)]]></failure></testcase>
<testcase time="0" name="org.eslint.prefer-arrow-callback"><failure message="Unexpected function expression."><![CDATA[line 43, col 29, Error - Unexpected function expression. (prefer-arrow-callback)]]></failure></testcase>
<testcase time="0" name="org.eslint.func-names"><failure message="Unexpected unnamed function."><![CDATA[line 43, col 29, Warning - Unexpected unnamed function. (func-names)]]></failure></testcase>
<testcase time="0" name="org.eslint.no-var"><failure message="Unexpected var, use let or const instead."><![CDATA[line 44, col 5, Error - Unexpected var, use let or const instead. (no-var)]]></failure></testcase>
<testcase time="0" name="org.eslint.no-undef"><failure message="&apos;sails&apos; is not defined."><![CDATA[line 44, col 33, Error - &apos;sails&apos; is not defined. (no-undef)]]></failure></testcase>
<testcase time="0" name="org.eslint.quotes"><failure message="Strings must use doublequote."><![CDATA[line 46, col 12, Error - Strings must use doublequote. (quotes)]]></failure></testcase>
<testcase time="0" name="org.eslint.prefer-arrow-callback"><failure message="Unexpected function expression."><![CDATA[line 49, col 12, Error - Unexpected function expression. (prefer-arrow-callback)]]></failure></testcase>
<testcase time="0" name="org.eslint.func-names"><failure message="Unexpected unnamed function."><![CDATA[line 49, col 12, Warning - Unexpected unnamed function. (func-names)]]></failure></testcase>
<testcase time="0" name="org.eslint.no-unused-vars"><failure message="&apos;result&apos; is defined but never used."><![CDATA[line 49, col 27, Error - &apos;result&apos; is defined but never used. (no-unused-vars)]]></failure></testcase>
<testcase time="0" name="org.eslint.no-console"><failure message="Unexpected console statement."><![CDATA[line 51, col 11, Warning - Unexpected console statement. (no-console)]]></failure></testcase>
<testcase time="0" name="org.eslint.quotes"><failure message="Strings must use doublequote."><![CDATA[line 51, col 23, Error - Strings must use doublequote. (quotes)]]></failure></testcase>
<testcase time="0" name="org.eslint.comma-spacing"><failure message="A space is required after &apos;,&apos;."><![CDATA[line 51, col 27, Error - A space is required after &apos;,&apos;. (comma-spacing)]]></failure></testcase>
<testcase time="0" name="org.eslint.padded-blocks"><failure message="Block must not be padded by blank lines."><![CDATA[line 54, col 16, Error - Block must not be padded by blank lines. (padded-blocks)]]></failure></testcase>
<testcase time="0" name="org.eslint.no-trailing-spaces"><failure message="Trailing spaces not allowed."><![CDATA[line 55, col 1, Error - Trailing spaces not allowed. (no-trailing-spaces)]]></failure></testcase>
<testcase time="0" name="org.eslint.no-undef"><failure message="&apos;it&apos; is not defined."><![CDATA[line 62, col 5, Error - &apos;it&apos; is not defined. (no-undef)]]></failure></testcase>
<testcase time="0" name="org.eslint.quotes"><failure message="Strings must use doublequote."><![CDATA[line 62, col 8, Error - Strings must use doublequote. (quotes)]]></failure></testcase>
<testcase time="0" name="org.eslint.prefer-arrow-callback"><failure message="Unexpected function expression."><![CDATA[line 62, col 31, Error - Unexpected function expression. (prefer-arrow-callback)]]></failure></testcase>
<testcase time="0" name="org.eslint.func-names"><failure message="Unexpected unnamed function."><![CDATA[line 62, col 31, Warning - Unexpected unnamed function. (func-names)]]></failure></testcase>
<testcase time="0" name="org.eslint.no-var"><failure message="Unexpected var, use let or const instead."><![CDATA[line 63, col 5, Error - Unexpected var, use let or const instead. (no-var)]]></failure></testcase>
<testcase time="0" name="org.eslint.no-undef"><failure message="&apos;sails&apos; is not defined."><![CDATA[line 63, col 33, Error - &apos;sails&apos; is not defined. (no-undef)]]></failure></testcase>
<testcase time="0" name="org.eslint.quotes"><failure message="Strings must use doublequote."><![CDATA[line 65, col 12, Error - Strings must use doublequote. (quotes)]]></failure></testcase>
<testcase time="0" name="org.eslint.func-names"><failure message="Unexpected unnamed function."><![CDATA[line 68, col 12, Warning - Unexpected unnamed function. (func-names)]]></failure></testcase>
<testcase time="0" name="org.eslint.prefer-arrow-callback"><failure message="Unexpected function expression."><![CDATA[line 68, col 12, Error - Unexpected function expression. (prefer-arrow-callback)]]></failure></testcase>
<testcase time="0" name="org.eslint.no-unused-vars"><failure message="&apos;result&apos; is defined but never used."><![CDATA[line 68, col 27, Error - &apos;result&apos; is defined but never used. (no-unused-vars)]]></failure></testcase>
<testcase time="0" name="org.eslint.no-console"><failure message="Unexpected console statement."><![CDATA[line 70, col 12, Warning - Unexpected console statement. (no-console)]]></failure></testcase>
<testcase time="0" name="org.eslint.quotes"><failure message="Strings must use doublequote."><![CDATA[line 70, col 24, Error - Strings must use doublequote. (quotes)]]></failure></testcase>
<testcase time="0" name="org.eslint.comma-spacing"><failure message="A space is required after &apos;,&apos;."><![CDATA[line 70, col 28, Error - A space is required after &apos;,&apos;. (comma-spacing)]]></failure></testcase>
<testcase time="0" name="org.eslint.no-undef"><failure message="&apos;it&apos; is not defined."><![CDATA[line 78, col 5, Error - &apos;it&apos; is not defined. (no-undef)]]></failure></testcase>
<testcase time="0" name="org.eslint.quotes"><failure message="Strings must use doublequote."><![CDATA[line 78, col 8, Error - Strings must use doublequote. (quotes)]]></failure></testcase>
<testcase time="0" name="org.eslint.func-names"><failure message="Unexpected unnamed function."><![CDATA[line 78, col 31, Warning - Unexpected unnamed function. (func-names)]]></failure></testcase>
<testcase time="0" name="org.eslint.prefer-arrow-callback"><failure message="Unexpected function expression."><![CDATA[line 78, col 31, Error - Unexpected function expression. (prefer-arrow-callback)]]></failure></testcase>
<testcase time="0" name="org.eslint.no-var"><failure message="Unexpected var, use let or const instead."><![CDATA[line 79, col 5, Error - Unexpected var, use let or const instead. (no-var)]]></failure></testcase>
<testcase time="0" name="org.eslint.no-undef"><failure message="&apos;sails&apos; is not defined."><![CDATA[line 79, col 33, Error - &apos;sails&apos; is not defined. (no-undef)]]></failure></testcase>
<testcase time="0" name="org.eslint.quotes"><failure message="Strings must use doublequote."><![CDATA[line 81, col 15, Error - Strings must use doublequote. (quotes)]]></failure></testcase>
<testcase time="0" name="org.eslint.func-names"><failure message="Unexpected unnamed function."><![CDATA[line 84, col 12, Warning - Unexpected unnamed function. (func-names)]]></failure></testcase>
<testcase time="0" name="org.eslint.prefer-arrow-callback"><failure message="Unexpected function expression."><![CDATA[line 84, col 12, Error - Unexpected function expression. (prefer-arrow-callback)]]></failure></testcase>
<testcase time="0" name="org.eslint.no-unused-vars"><failure message="&apos;result&apos; is defined but never used."><![CDATA[line 84, col 27, Error - &apos;result&apos; is defined but never used. (no-unused-vars)]]></failure></testcase>
<testcase time="0" name="org.eslint.no-console"><failure message="Unexpected console statement."><![CDATA[line 86, col 11, Warning - Unexpected console statement. (no-console)]]></failure></testcase>
<testcase time="0" name="org.eslint.quotes"><failure message="Strings must use doublequote."><![CDATA[line 86, col 23, Error - Strings must use doublequote. (quotes)]]></failure></testcase>
<testcase time="0" name="org.eslint.comma-spacing"><failure message="A space is required after &apos;,&apos;."><![CDATA[line 86, col 27, Error - A space is required after &apos;,&apos;. (comma-spacing)]]></failure></testcase>
<testcase time="0" name="org.eslint.no-undef"><failure message="&apos;it&apos; is not defined."><![CDATA[line 94, col 5, Error - &apos;it&apos; is not defined. (no-undef)]]></failure></testcase>
<testcase time="0" name="org.eslint.quotes"><failure message="Strings must use doublequote."><![CDATA[line 94, col 8, Error - Strings must use doublequote. (quotes)]]></failure></testcase>
<testcase time="0" name="org.eslint.prefer-arrow-callback"><failure message="Unexpected function expression."><![CDATA[line 94, col 34, Error - Unexpected function expression. (prefer-arrow-callback)]]></failure></testcase>
<testcase time="0" name="org.eslint.func-names"><failure message="Unexpected unnamed function."><![CDATA[line 94, col 34, Warning - Unexpected unnamed function. (func-names)]]></failure></testcase>
<testcase time="0" name="org.eslint.no-var"><failure message="Unexpected var, use let or const instead."><![CDATA[line 95, col 5, Error - Unexpected var, use let or const instead. (no-var)]]></failure></testcase>
<testcase time="0" name="org.eslint.no-undef"><failure message="&apos;sails&apos; is not defined."><![CDATA[line 95, col 33, Error - &apos;sails&apos; is not defined. (no-undef)]]></failure></testcase>
<testcase time="0" name="org.eslint.quotes"><failure message="Strings must use doublequote."><![CDATA[line 97, col 15, Error - Strings must use doublequote. (quotes)]]></failure></testcase>
<testcase time="0" name="org.eslint.prefer-arrow-callback"><failure message="Unexpected function expression."><![CDATA[line 100, col 12, Error - Unexpected function expression. (prefer-arrow-callback)]]></failure></testcase>
<testcase time="0" name="org.eslint.func-names"><failure message="Unexpected unnamed function."><![CDATA[line 100, col 12, Warning - Unexpected unnamed function. (func-names)]]></failure></testcase>
<testcase time="0" name="org.eslint.no-unused-vars"><failure message="&apos;result&apos; is defined but never used."><![CDATA[line 100, col 27, Error - &apos;result&apos; is defined but never used. (no-unused-vars)]]></failure></testcase>
<testcase time="0" name="org.eslint.no-console"><failure message="Unexpected console statement."><![CDATA[line 102, col 11, Warning - Unexpected console statement. (no-console)]]></failure></testcase>
<testcase time="0" name="org.eslint.quotes"><failure message="Strings must use doublequote."><![CDATA[line 102, col 23, Error - Strings must use doublequote. (quotes)]]></failure></testcase>
<testcase time="0" name="org.eslint.comma-spacing"><failure message="A space is required after &apos;,&apos;."><![CDATA[line 102, col 27, Error - A space is required after &apos;,&apos;. (comma-spacing)]]></failure></testcase>
<testcase time="0" name="org.eslint.padded-blocks"><failure message="Block must not be padded by blank lines."><![CDATA[line 105, col 16, Error - Block must not be padded by blank lines. (padded-blocks)]]></failure></testcase>
<testcase time="0" name="org.eslint.no-trailing-spaces"><failure message="Trailing spaces not allowed."><![CDATA[line 106, col 1, Error - Trailing spaces not allowed. (no-trailing-spaces)]]></failure></testcase>
<testcase time="0" name="org.eslint.no-multiple-empty-lines"><failure message="More than 2 blank lines not allowed."><![CDATA[line 106, col 1, Error - More than 2 blank lines not allowed. (no-multiple-empty-lines)]]></failure></testcase>
<testcase time="0" name="org.eslint.no-trailing-spaces"><failure message="Trailing spaces not allowed."><![CDATA[line 108, col 1, Error - Trailing spaces not allowed. (no-trailing-spaces)]]></failure></testcase>
<testcase time="0" name="org.eslint.no-undef"><failure message="&apos;it&apos; is not defined."><![CDATA[line 114, col 5, Error - &apos;it&apos; is not defined. (no-undef)]]></failure></testcase>
<testcase time="0" name="org.eslint.quotes"><failure message="Strings must use doublequote."><![CDATA[line 114, col 8, Error - Strings must use doublequote. (quotes)]]></failure></testcase>
<testcase time="0" name="org.eslint.func-names"><failure message="Unexpected unnamed function."><![CDATA[line 114, col 31, Warning - Unexpected unnamed function. (func-names)]]></failure></testcase>
<testcase time="0" name="org.eslint.prefer-arrow-callback"><failure message="Unexpected function expression."><![CDATA[line 114, col 31, Error - Unexpected function expression. (prefer-arrow-callback)]]></failure></testcase>
<testcase time="0" name="org.eslint.no-var"><failure message="Unexpected var, use let or const instead."><![CDATA[line 115, col 5, Error - Unexpected var, use let or const instead. (no-var)]]></failure></testcase>
<testcase time="0" name="org.eslint.no-undef"><failure message="&apos;sails&apos; is not defined."><![CDATA[line 115, col 33, Error - &apos;sails&apos; is not defined. (no-undef)]]></failure></testcase>
<testcase time="0" name="org.eslint.quotes"><failure message="Strings must use doublequote."><![CDATA[line 117, col 12, Error - Strings must use doublequote. (quotes)]]></failure></testcase>
<testcase time="0" name="org.eslint.func-names"><failure message="Unexpected unnamed function."><![CDATA[line 120, col 12, Warning - Unexpected unnamed function. (func-names)]]></failure></testcase>
<testcase time="0" name="org.eslint.prefer-arrow-callback"><failure message="Unexpected function expression."><![CDATA[line 120, col 12, Error - Unexpected function expression. (prefer-arrow-callback)]]></failure></testcase>
<testcase time="0" name="org.eslint.no-unused-vars"><failure message="&apos;result&apos; is defined but never used."><![CDATA[line 120, col 27, Error - &apos;result&apos; is defined but never used. (no-unused-vars)]]></failure></testcase>
<testcase time="0" name="org.eslint.no-console"><failure message="Unexpected console statement."><![CDATA[line 122, col 21, Warning - Unexpected console statement. (no-console)]]></failure></testcase>
<testcase time="0" name="org.eslint.quotes"><failure message="Strings must use doublequote."><![CDATA[line 122, col 33, Error - Strings must use doublequote. (quotes)]]></failure></testcase>
<testcase time="0" name="org.eslint.comma-spacing"><failure message="A space is required after &apos;,&apos;."><![CDATA[line 122, col 38, Error - A space is required after &apos;,&apos;. (comma-spacing)]]></failure></testcase>
<testcase time="0" name="org.eslint.padded-blocks"><failure message="Block must not be padded by blank lines."><![CDATA[line 125, col 16, Error - Block must not be padded by blank lines. (padded-blocks)]]></failure></testcase>
<testcase time="0" name="org.eslint.no-trailing-spaces"><failure message="Trailing spaces not allowed."><![CDATA[line 126, col 1, Error - Trailing spaces not allowed. (no-trailing-spaces)]]></failure></testcase>
<testcase time="0" name="org.eslint.padded-blocks"><failure message="Block must not be padded by blank lines."><![CDATA[line 133, col 1, Error - Block must not be padded by blank lines. (padded-blocks)]]></failure></testcase>
</testsuite>
<testsuite package="org.eslint" time="0" tests="114" errors="114" name="C:\Users\KIIT\Documents\workspace\frescoplay2\test\controllers\CarsController.test.js">
<testcase time="0" name="org.eslint.no-var"><failure message="Unexpected var, use let or const instead."><![CDATA[line 1, col 1, Error - Unexpected var, use let or const instead. (no-var)]]></failure></testcase>
<testcase time="0" name="org.eslint.quotes"><failure message="Strings must use doublequote."><![CDATA[line 1, col 25, Error - Strings must use doublequote. (quotes)]]></failure></testcase>
<testcase time="0" name="org.eslint.no-var"><failure message="Unexpected var, use let or const instead."><![CDATA[line 2, col 1, Error - Unexpected var, use let or const instead. (no-var)]]></failure></testcase>
<testcase time="0" name="org.eslint.no-unused-vars"><failure message="&apos;assert&apos; is assigned a value but never used."><![CDATA[line 2, col 5, Error - &apos;assert&apos; is assigned a value but never used. (no-unused-vars)]]></failure></testcase>
<testcase time="0" name="org.eslint.quotes"><failure message="Strings must use doublequote."><![CDATA[line 2, col 22, Error - Strings must use doublequote. (quotes)]]></failure></testcase>
<testcase time="0" name="org.eslint.quotes"><failure message="Strings must use doublequote."><![CDATA[line 5, col 9, Error - Strings must use doublequote. (quotes)]]></failure></testcase>
<testcase time="0" name="org.eslint.no-undef"><failure message="&apos;describe&apos; is not defined."><![CDATA[line 7, col 1, Error - &apos;describe&apos; is not defined. (no-undef)]]></failure></testcase>
<testcase time="0" name="org.eslint.quotes"><failure message="Strings must use doublequote."><![CDATA[line 7, col 10, Error - Strings must use doublequote. (quotes)]]></failure></testcase>
<testcase time="0" name="org.eslint.prefer-arrow-callback"><failure message="Unexpected function expression."><![CDATA[line 7, col 29, Error - Unexpected function expression. (prefer-arrow-callback)]]></failure></testcase>
<testcase time="0" name="org.eslint.func-names"><failure message="Unexpected unnamed function."><![CDATA[line 7, col 29, Warning - Unexpected unnamed function. (func-names)]]></failure></testcase>
<testcase time="0" name="org.eslint.no-undef"><failure message="&apos;it&apos; is not defined."><![CDATA[line 8, col 3, Error - &apos;it&apos; is not defined. (no-undef)]]></failure></testcase>
<testcase time="0" name="org.eslint.quotes"><failure message="Strings must use doublequote."><![CDATA[line 8, col 6, Error - Strings must use doublequote. (quotes)]]></failure></testcase>
<testcase time="0" name="org.eslint.prefer-arrow-callback"><failure message="Unexpected function expression."><![CDATA[line 8, col 19, Error - Unexpected function expression. (prefer-arrow-callback)]]></failure></testcase>
<testcase time="0" name="org.eslint.func-names"><failure message="Unexpected unnamed function."><![CDATA[line 8, col 19, Warning - Unexpected unnamed function. (func-names)]]></failure></testcase>
<testcase time="0" name="org.eslint.no-var"><failure message="Unexpected var, use let or const instead."><![CDATA[line 9, col 5, Error - Unexpected var, use let or const instead. (no-var)]]></failure></testcase>
<testcase time="0" name="org.eslint.no-undef"><failure message="&apos;sails&apos; is not defined."><![CDATA[line 9, col 33, Error - &apos;sails&apos; is not defined. (no-undef)]]></failure></testcase>
<testcase time="0" name="org.eslint.quotes"><failure message="Strings must use doublequote."><![CDATA[line 12, col 12, Error - Strings must use doublequote. (quotes)]]></failure></testcase>
<testcase time="0" name="org.eslint.func-names"><failure message="Unexpected unnamed function."><![CDATA[line 15, col 12, Warning - Unexpected unnamed function. (func-names)]]></failure></testcase>
<testcase time="0" name="org.eslint.prefer-arrow-callback"><failure message="Unexpected function expression."><![CDATA[line 15, col 12, Error - Unexpected function expression. (prefer-arrow-callback)]]></failure></testcase>
<testcase time="0" name="org.eslint.no-unused-vars"><failure message="&apos;result&apos; is defined but never used."><![CDATA[line 15, col 27, Error - &apos;result&apos; is defined but never used. (no-unused-vars)]]></failure></testcase>
<testcase time="0" name="org.eslint.no-console"><failure message="Unexpected console statement."><![CDATA[line 17, col 12, Warning - Unexpected console statement. (no-console)]]></failure></testcase>
<testcase time="0" name="org.eslint.quotes"><failure message="Strings must use doublequote."><![CDATA[line 17, col 24, Error - Strings must use doublequote. (quotes)]]></failure></testcase>
<testcase time="0" name="org.eslint.comma-spacing"><failure message="A space is required after &apos;,&apos;."><![CDATA[line 17, col 29, Error - A space is required after &apos;,&apos;. (comma-spacing)]]></failure></testcase>
<testcase time="0" name="org.eslint.padded-blocks"><failure message="Block must not be padded by blank lines."><![CDATA[line 19, col 16, Error - Block must not be padded by blank lines. (padded-blocks)]]></failure></testcase>
<testcase time="0" name="org.eslint.no-trailing-spaces"><failure message="Trailing spaces not allowed."><![CDATA[line 20, col 1, Error - Trailing spaces not allowed. (no-trailing-spaces)]]></failure></testcase>
<testcase time="0" name="org.eslint.no-undef"><failure message="&apos;it&apos; is not defined."><![CDATA[line 26, col 3, Error - &apos;it&apos; is not defined. (no-undef)]]></failure></testcase>
<testcase time="0" name="org.eslint.quotes"><failure message="Strings must use doublequote."><![CDATA[line 26, col 6, Error - Strings must use doublequote. (quotes)]]></failure></testcase>
<testcase time="0" name="org.eslint.func-names"><failure message="Unexpected unnamed function."><![CDATA[line 26, col 21, Warning - Unexpected unnamed function. (func-names)]]></failure></testcase>
<testcase time="0" name="org.eslint.prefer-arrow-callback"><failure message="Unexpected function expression."><![CDATA[line 26, col 21, Error - Unexpected function expression. (prefer-arrow-callback)]]></failure></testcase>
<testcase time="0" name="org.eslint.no-var"><failure message="Unexpected var, use let or const instead."><![CDATA[line 27, col 5, Error - Unexpected var, use let or const instead. (no-var)]]></failure></testcase>
<testcase time="0" name="org.eslint.no-undef"><failure message="&apos;sails&apos; is not defined."><![CDATA[line 27, col 33, Error - &apos;sails&apos; is not defined. (no-undef)]]></failure></testcase>
<testcase time="0" name="org.eslint.quotes"><failure message="Strings must use doublequote."><![CDATA[line 29, col 12, Error - Strings must use doublequote. (quotes)]]></failure></testcase>
<testcase time="0" name="org.eslint.prefer-arrow-callback"><failure message="Unexpected function expression."><![CDATA[line 32, col 12, Error - Unexpected function expression. (prefer-arrow-callback)]]></failure></testcase>
<testcase time="0" name="org.eslint.func-names"><failure message="Unexpected unnamed function."><![CDATA[line 32, col 12, Warning - Unexpected unnamed function. (func-names)]]></failure></testcase>
<testcase time="0" name="org.eslint.no-unused-vars"><failure message="&apos;result&apos; is defined but never used."><![CDATA[line 32, col 27, Error - &apos;result&apos; is defined but never used. (no-unused-vars)]]></failure></testcase>
<testcase time="0" name="org.eslint.no-console"><failure message="Unexpected console statement."><![CDATA[line 34, col 12, Warning - Unexpected console statement. (no-console)]]></failure></testcase>
<testcase time="0" name="org.eslint.quotes"><failure message="Strings must use doublequote."><![CDATA[line 34, col 24, Error - Strings must use doublequote. (quotes)]]></failure></testcase>
<testcase time="0" name="org.eslint.comma-spacing"><failure message="A space is required after &apos;,&apos;."><![CDATA[line 34, col 29, Error - A space is required after &apos;,&apos;. (comma-spacing)]]></failure></testcase>
<testcase time="0" name="org.eslint.padded-blocks"><failure message="Block must not be padded by blank lines."><![CDATA[line 37, col 16, Error - Block must not be padded by blank lines. (padded-blocks)]]></failure></testcase>
<testcase time="0" name="org.eslint.no-trailing-spaces"><failure message="Trailing spaces not allowed."><![CDATA[line 38, col 1, Error - Trailing spaces not allowed. (no-trailing-spaces)]]></failure></testcase>
<testcase time="0" name="org.eslint.no-undef"><failure message="&apos;it&apos; is not defined."><![CDATA[line 44, col 3, Error - &apos;it&apos; is not defined. (no-undef)]]></failure></testcase>
<testcase time="0" name="org.eslint.quotes"><failure message="Strings must use doublequote."><![CDATA[line 44, col 6, Error - Strings must use doublequote. (quotes)]]></failure></testcase>
<testcase time="0" name="org.eslint.prefer-arrow-callback"><failure message="Unexpected function expression."><![CDATA[line 44, col 22, Error - Unexpected function expression. (prefer-arrow-callback)]]></failure></testcase>
<testcase time="0" name="org.eslint.func-names"><failure message="Unexpected unnamed function."><![CDATA[line 44, col 22, Warning - Unexpected unnamed function. (func-names)]]></failure></testcase>
<testcase time="0" name="org.eslint.no-var"><failure message="Unexpected var, use let or const instead."><![CDATA[line 45, col 5, Error - Unexpected var, use let or const instead. (no-var)]]></failure></testcase>
<testcase time="0" name="org.eslint.no-undef"><failure message="&apos;sails&apos; is not defined."><![CDATA[line 45, col 33, Error - &apos;sails&apos; is not defined. (no-undef)]]></failure></testcase>
<testcase time="0" name="org.eslint.quotes"><failure message="Strings must use doublequote."><![CDATA[line 47, col 12, Error - Strings must use doublequote. (quotes)]]></failure></testcase>
<testcase time="0" name="org.eslint.prefer-arrow-callback"><failure message="Unexpected function expression."><![CDATA[line 50, col 12, Error - Unexpected function expression. (prefer-arrow-callback)]]></failure></testcase>
<testcase time="0" name="org.eslint.func-names"><failure message="Unexpected unnamed function."><![CDATA[line 50, col 12, Warning - Unexpected unnamed function. (func-names)]]></failure></testcase>
<testcase time="0" name="org.eslint.no-unused-vars"><failure message="&apos;result&apos; is defined but never used."><![CDATA[line 50, col 27, Error - &apos;result&apos; is defined but never used. (no-unused-vars)]]></failure></testcase>
<testcase time="0" name="org.eslint.no-console"><failure message="Unexpected console statement."><![CDATA[line 52, col 11, Warning - Unexpected console statement. (no-console)]]></failure></testcase>
<testcase time="0" name="org.eslint.quotes"><failure message="Strings must use doublequote."><![CDATA[line 52, col 23, Error - Strings must use doublequote. (quotes)]]></failure></testcase>
<testcase time="0" name="org.eslint.comma-spacing"><failure message="A space is required after &apos;,&apos;."><![CDATA[line 52, col 32, Error - A space is required after &apos;,&apos;. (comma-spacing)]]></failure></testcase>
<testcase time="0" name="org.eslint.padded-blocks"><failure message="Block must not be padded by blank lines."><![CDATA[line 55, col 16, Error - Block must not be padded by blank lines. (padded-blocks)]]></failure></testcase>
<testcase time="0" name="org.eslint.no-trailing-spaces"><failure message="Trailing spaces not allowed."><![CDATA[line 56, col 1, Error - Trailing spaces not allowed. (no-trailing-spaces)]]></failure></testcase>
<testcase time="0" name="org.eslint.no-undef"><failure message="&apos;it&apos; is not defined."><![CDATA[line 63, col 5, Error - &apos;it&apos; is not defined. (no-undef)]]></failure></testcase>
<testcase time="0" name="org.eslint.quotes"><failure message="Strings must use doublequote."><![CDATA[line 63, col 8, Error - Strings must use doublequote. (quotes)]]></failure></testcase>
<testcase time="0" name="org.eslint.prefer-arrow-callback"><failure message="Unexpected function expression."><![CDATA[line 63, col 24, Error - Unexpected function expression. (prefer-arrow-callback)]]></failure></testcase>
<testcase time="0" name="org.eslint.func-names"><failure message="Unexpected unnamed function."><![CDATA[line 63, col 24, Warning - Unexpected unnamed function. (func-names)]]></failure></testcase>
<testcase time="0" name="org.eslint.no-var"><failure message="Unexpected var, use let or const instead."><![CDATA[line 64, col 5, Error - Unexpected var, use let or const instead. (no-var)]]></failure></testcase>
<testcase time="0" name="org.eslint.no-undef"><failure message="&apos;sails&apos; is not defined."><![CDATA[line 64, col 33, Error - &apos;sails&apos; is not defined. (no-undef)]]></failure></testcase>
<testcase time="0" name="org.eslint.quotes"><failure message="Strings must use doublequote."><![CDATA[line 66, col 12, Error - Strings must use doublequote. (quotes)]]></failure></testcase>
<testcase time="0" name="org.eslint.func-names"><failure message="Unexpected unnamed function."><![CDATA[line 69, col 12, Warning - Unexpected unnamed function. (func-names)]]></failure></testcase>
<testcase time="0" name="org.eslint.prefer-arrow-callback"><failure message="Unexpected function expression."><![CDATA[line 69, col 12, Error - Unexpected function expression. (prefer-arrow-callback)]]></failure></testcase>
<testcase time="0" name="org.eslint.no-unused-vars"><failure message="&apos;result&apos; is defined but never used."><![CDATA[line 69, col 27, Error - &apos;result&apos; is defined but never used. (no-unused-vars)]]></failure></testcase>
<testcase time="0" name="org.eslint.no-console"><failure message="Unexpected console statement."><![CDATA[line 71, col 12, Warning - Unexpected console statement. (no-console)]]></failure></testcase>
<testcase time="0" name="org.eslint.quotes"><failure message="Strings must use doublequote."><![CDATA[line 71, col 24, Error - Strings must use doublequote. (quotes)]]></failure></testcase>
<testcase time="0" name="org.eslint.comma-spacing"><failure message="A space is required after &apos;,&apos;."><![CDATA[line 71, col 31, Error - A space is required after &apos;,&apos;. (comma-spacing)]]></failure></testcase>
<testcase time="0" name="org.eslint.no-undef"><failure message="&apos;it&apos; is not defined."><![CDATA[line 79, col 5, Error - &apos;it&apos; is not defined. (no-undef)]]></failure></testcase>
<testcase time="0" name="org.eslint.quotes"><failure message="Strings must use doublequote."><![CDATA[line 79, col 8, Error - Strings must use doublequote. (quotes)]]></failure></testcase>
<testcase time="0" name="org.eslint.func-names"><failure message="Unexpected unnamed function."><![CDATA[line 79, col 24, Warning - Unexpected unnamed function. (func-names)]]></failure></testcase>
<testcase time="0" name="org.eslint.prefer-arrow-callback"><failure message="Unexpected function expression."><![CDATA[line 79, col 24, Error - Unexpected function expression. (prefer-arrow-callback)]]></failure></testcase>
<testcase time="0" name="org.eslint.no-var"><failure message="Unexpected var, use let or const instead."><![CDATA[line 80, col 5, Error - Unexpected var, use let or const instead. (no-var)]]></failure></testcase>
<testcase time="0" name="org.eslint.no-undef"><failure message="&apos;sails&apos; is not defined."><![CDATA[line 80, col 33, Error - &apos;sails&apos; is not defined. (no-undef)]]></failure></testcase>
<testcase time="0" name="org.eslint.quotes"><failure message="Strings must use doublequote."><![CDATA[line 82, col 15, Error - Strings must use doublequote. (quotes)]]></failure></testcase>
<testcase time="0" name="org.eslint.func-names"><failure message="Unexpected unnamed function."><![CDATA[line 85, col 12, Warning - Unexpected unnamed function. (func-names)]]></failure></testcase>
<testcase time="0" name="org.eslint.prefer-arrow-callback"><failure message="Unexpected function expression."><![CDATA[line 85, col 12, Error - Unexpected function expression. (prefer-arrow-callback)]]></failure></testcase>
<testcase time="0" name="org.eslint.no-unused-vars"><failure message="&apos;result&apos; is defined but never used."><![CDATA[line 85, col 27, Error - &apos;result&apos; is defined but never used. (no-unused-vars)]]></failure></testcase>
<testcase time="0" name="org.eslint.no-console"><failure message="Unexpected console statement."><![CDATA[line 87, col 11, Warning - Unexpected console statement. (no-console)]]></failure></testcase>
<testcase time="0" name="org.eslint.quotes"><failure message="Strings must use doublequote."><![CDATA[line 87, col 23, Error - Strings must use doublequote. (quotes)]]></failure></testcase>
<testcase time="0" name="org.eslint.comma-spacing"><failure message="A space is required after &apos;,&apos;."><![CDATA[line 87, col 30, Error - A space is required after &apos;,&apos;. (comma-spacing)]]></failure></testcase>
<testcase time="0" name="org.eslint.no-undef"><failure message="&apos;it&apos; is not defined."><![CDATA[line 95, col 5, Error - &apos;it&apos; is not defined. (no-undef)]]></failure></testcase>
<testcase time="0" name="org.eslint.quotes"><failure message="Strings must use doublequote."><![CDATA[line 95, col 8, Error - Strings must use doublequote. (quotes)]]></failure></testcase>
<testcase time="0" name="org.eslint.prefer-arrow-callback"><failure message="Unexpected function expression."><![CDATA[line 95, col 27, Error - Unexpected function expression. (prefer-arrow-callback)]]></failure></testcase>
<testcase time="0" name="org.eslint.func-names"><failure message="Unexpected unnamed function."><![CDATA[line 95, col 27, Warning - Unexpected unnamed function. (func-names)]]></failure></testcase>
<testcase time="0" name="org.eslint.no-var"><failure message="Unexpected var, use let or const instead."><![CDATA[line 96, col 5, Error - Unexpected var, use let or const instead. (no-var)]]></failure></testcase>
<testcase time="0" name="org.eslint.no-undef"><failure message="&apos;sails&apos; is not defined."><![CDATA[line 96, col 33, Error - &apos;sails&apos; is not defined. (no-undef)]]></failure></testcase>
<testcase time="0" name="org.eslint.quotes"><failure message="Strings must use doublequote."><![CDATA[line 98, col 15, Error - Strings must use doublequote. (quotes)]]></failure></testcase>
<testcase time="0" name="org.eslint.prefer-arrow-callback"><failure message="Unexpected function expression."><![CDATA[line 101, col 12, Error - Unexpected function expression. (prefer-arrow-callback)]]></failure></testcase>
<testcase time="0" name="org.eslint.func-names"><failure message="Unexpected unnamed function."><![CDATA[line 101, col 12, Warning - Unexpected unnamed function. (func-names)]]></failure></testcase>
<testcase time="0" name="org.eslint.no-unused-vars"><failure message="&apos;result&apos; is defined but never used."><![CDATA[line 101, col 27, Error - &apos;result&apos; is defined but never used. (no-unused-vars)]]></failure></testcase>
<testcase time="0" name="org.eslint.no-console"><failure message="Unexpected console statement."><![CDATA[line 103, col 11, Warning - Unexpected console statement. (no-console)]]></failure></testcase>
<testcase time="0" name="org.eslint.quotes"><failure message="Strings must use doublequote."><![CDATA[line 103, col 23, Error - Strings must use doublequote. (quotes)]]></failure></testcase>
<testcase time="0" name="org.eslint.comma-spacing"><failure message="A space is required after &apos;,&apos;."><![CDATA[line 103, col 29, Error - A space is required after &apos;,&apos;. (comma-spacing)]]></failure></testcase>
<testcase time="0" name="org.eslint.padded-blocks"><failure message="Block must not be padded by blank lines."><![CDATA[line 106, col 16, Error - Block must not be padded by blank lines. (padded-blocks)]]></failure></testcase>
<testcase time="0" name="org.eslint.no-trailing-spaces"><failure message="Trailing spaces not allowed."><![CDATA[line 107, col 1, Error - Trailing spaces not allowed. (no-trailing-spaces)]]></failure></testcase>
<testcase time="0" name="org.eslint.no-multiple-empty-lines"><failure message="More than 2 blank lines not allowed."><![CDATA[line 107, col 1, Error - More than 2 blank lines not allowed. (no-multiple-empty-lines)]]></failure></testcase>
<testcase time="0" name="org.eslint.no-trailing-spaces"><failure message="Trailing spaces not allowed."><![CDATA[line 109, col 1, Error - Trailing spaces not allowed. (no-trailing-spaces)]]></failure></testcase>
<testcase time="0" name="org.eslint.no-undef"><failure message="&apos;it&apos; is not defined."><![CDATA[line 115, col 5, Error - &apos;it&apos; is not defined. (no-undef)]]></failure></testcase>
<testcase time="0" name="org.eslint.quotes"><failure message="Strings must use doublequote."><![CDATA[line 115, col 8, Error - Strings must use doublequote. (quotes)]]></failure></testcase>
<testcase time="0" name="org.eslint.func-names"><failure message="Unexpected unnamed function."><![CDATA[line 115, col 24, Warning - Unexpected unnamed function. (func-names)]]></failure></testcase>
<testcase time="0" name="org.eslint.prefer-arrow-callback"><failure message="Unexpected function expression."><![CDATA[line 115, col 24, Error - Unexpected function expression. (prefer-arrow-callback)]]></failure></testcase>
<testcase time="0" name="org.eslint.no-var"><failure message="Unexpected var, use let or const instead."><![CDATA[line 116, col 5, Error - Unexpected var, use let or const instead. (no-var)]]></failure></testcase>
<testcase time="0" name="org.eslint.no-undef"><failure message="&apos;sails&apos; is not defined."><![CDATA[line 116, col 33, Error - &apos;sails&apos; is not defined. (no-undef)]]></failure></testcase>
<testcase time="0" name="org.eslint.quotes"><failure message="Strings must use doublequote."><![CDATA[line 118, col 12, Error - Strings must use doublequote. (quotes)]]></failure></testcase>
<testcase time="0" name="org.eslint.func-names"><failure message="Unexpected unnamed function."><![CDATA[line 121, col 12, Warning - Unexpected unnamed function. (func-names)]]></failure></testcase>
<testcase time="0" name="org.eslint.prefer-arrow-callback"><failure message="Unexpected function expression."><![CDATA[line 121, col 12, Error - Unexpected function expression. (prefer-arrow-callback)]]></failure></testcase>
<testcase time="0" name="org.eslint.no-unused-vars"><failure message="&apos;result&apos; is defined but never used."><![CDATA[line 121, col 27, Error - &apos;result&apos; is defined but never used. (no-unused-vars)]]></failure></testcase>
<testcase time="0" name="org.eslint.no-console"><failure message="Unexpected console statement."><![CDATA[line 123, col 11, Warning - Unexpected console statement. (no-console)]]></failure></testcase>
<testcase time="0" name="org.eslint.quotes"><failure message="Strings must use doublequote."><![CDATA[line 123, col 23, Error - Strings must use doublequote. (quotes)]]></failure></testcase>
<testcase time="0" name="org.eslint.comma-spacing"><failure message="A space is required after &apos;,&apos;."><![CDATA[line 123, col 28, Error - A space is required after &apos;,&apos;. (comma-spacing)]]></failure></testcase>
<testcase time="0" name="org.eslint.padded-blocks"><failure message="Block must not be padded by blank lines."><![CDATA[line 126, col 16, Error - Block must not be padded by blank lines. (padded-blocks)]]></failure></testcase>
<testcase time="0" name="org.eslint.no-trailing-spaces"><failure message="Trailing spaces not allowed."><![CDATA[line 127, col 1, Error - Trailing spaces not allowed. (no-trailing-spaces)]]></failure></testcase>
<testcase time="0" name="org.eslint.padded-blocks"><failure message="Block must not be padded by blank lines."><![CDATA[line 134, col 1, Error - Block must not be padded by blank lines. (padded-blocks)]]></failure></testcase>
</testsuite>
<testsuite package="org.eslint" time="0" tests="114" errors="114" name="C:\Users\KIIT\Documents\workspace\frescoplay2\test\controllers\ManufacturerController.test.js">
<testcase time="0" name="org.eslint.no-var"><failure message="Unexpected var, use let or const instead."><![CDATA[line 1, col 1, Error - Unexpected var, use let or const instead. (no-var)]]></failure></testcase>
<testcase time="0" name="org.eslint.quotes"><failure message="Strings must use doublequote."><![CDATA[line 1, col 25, Error - Strings must use doublequote. (quotes)]]></failure></testcase>
<testcase time="0" name="org.eslint.no-var"><failure message="Unexpected var, use let or const instead."><![CDATA[line 2, col 1, Error - Unexpected var, use let or const instead. (no-var)]]></failure></testcase>
<testcase time="0" name="org.eslint.no-unused-vars"><failure message="&apos;assert&apos; is assigned a value but never used."><![CDATA[line 2, col 5, Error - &apos;assert&apos; is assigned a value but never used. (no-unused-vars)]]></failure></testcase>
<testcase time="0" name="org.eslint.quotes"><failure message="Strings must use doublequote."><![CDATA[line 2, col 22, Error - Strings must use doublequote. (quotes)]]></failure></testcase>
<testcase time="0" name="org.eslint.quotes"><failure message="Strings must use doublequote."><![CDATA[line 5, col 9, Error - Strings must use doublequote. (quotes)]]></failure></testcase>
<testcase time="0" name="org.eslint.no-undef"><failure message="&apos;describe&apos; is not defined."><![CDATA[line 7, col 1, Error - &apos;describe&apos; is not defined. (no-undef)]]></failure></testcase>
<testcase time="0" name="org.eslint.quotes"><failure message="Strings must use doublequote."><![CDATA[line 7, col 10, Error - Strings must use doublequote. (quotes)]]></failure></testcase>
<testcase time="0" name="org.eslint.prefer-arrow-callback"><failure message="Unexpected function expression."><![CDATA[line 7, col 37, Error - Unexpected function expression. (prefer-arrow-callback)]]></failure></testcase>
<testcase time="0" name="org.eslint.func-names"><failure message="Unexpected unnamed function."><![CDATA[line 7, col 37, Warning - Unexpected unnamed function. (func-names)]]></failure></testcase>
<testcase time="0" name="org.eslint.no-undef"><failure message="&apos;it&apos; is not defined."><![CDATA[line 8, col 3, Error - &apos;it&apos; is not defined. (no-undef)]]></failure></testcase>
<testcase time="0" name="org.eslint.quotes"><failure message="Strings must use doublequote."><![CDATA[line 8, col 6, Error - Strings must use doublequote. (quotes)]]></failure></testcase>
<testcase time="0" name="org.eslint.prefer-arrow-callback"><failure message="Unexpected function expression."><![CDATA[line 8, col 27, Error - Unexpected function expression. (prefer-arrow-callback)]]></failure></testcase>
<testcase time="0" name="org.eslint.func-names"><failure message="Unexpected unnamed function."><![CDATA[line 8, col 27, Warning - Unexpected unnamed function. (func-names)]]></failure></testcase>
<testcase time="0" name="org.eslint.no-var"><failure message="Unexpected var, use let or const instead."><![CDATA[line 9, col 5, Error - Unexpected var, use let or const instead. (no-var)]]></failure></testcase>
<testcase time="0" name="org.eslint.no-undef"><failure message="&apos;sails&apos; is not defined."><![CDATA[line 9, col 33, Error - &apos;sails&apos; is not defined. (no-undef)]]></failure></testcase>
<testcase time="0" name="org.eslint.quotes"><failure message="Strings must use doublequote."><![CDATA[line 12, col 12, Error - Strings must use doublequote. (quotes)]]></failure></testcase>
<testcase time="0" name="org.eslint.func-names"><failure message="Unexpected unnamed function."><![CDATA[line 15, col 12, Warning - Unexpected unnamed function. (func-names)]]></failure></testcase>
<testcase time="0" name="org.eslint.prefer-arrow-callback"><failure message="Unexpected function expression."><![CDATA[line 15, col 12, Error - Unexpected function expression. (prefer-arrow-callback)]]></failure></testcase>
<testcase time="0" name="org.eslint.no-unused-vars"><failure message="&apos;result&apos; is defined but never used."><![CDATA[line 15, col 27, Error - &apos;result&apos; is defined but never used. (no-unused-vars)]]></failure></testcase>
<testcase time="0" name="org.eslint.no-console"><failure message="Unexpected console statement."><![CDATA[line 17, col 12, Warning - Unexpected console statement. (no-console)]]></failure></testcase>
<testcase time="0" name="org.eslint.quotes"><failure message="Strings must use doublequote."><![CDATA[line 17, col 24, Error - Strings must use doublequote. (quotes)]]></failure></testcase>
<testcase time="0" name="org.eslint.comma-spacing"><failure message="A space is required after &apos;,&apos;."><![CDATA[line 17, col 29, Error - A space is required after &apos;,&apos;. (comma-spacing)]]></failure></testcase>
<testcase time="0" name="org.eslint.padded-blocks"><failure message="Block must not be padded by blank lines."><![CDATA[line 20, col 16, Error - Block must not be padded by blank lines. (padded-blocks)]]></failure></testcase>
<testcase time="0" name="org.eslint.no-trailing-spaces"><failure message="Trailing spaces not allowed."><![CDATA[line 21, col 1, Error - Trailing spaces not allowed. (no-trailing-spaces)]]></failure></testcase>
<testcase time="0" name="org.eslint.no-undef"><failure message="&apos;it&apos; is not defined."><![CDATA[line 27, col 3, Error - &apos;it&apos; is not defined. (no-undef)]]></failure></testcase>
<testcase time="0" name="org.eslint.quotes"><failure message="Strings must use doublequote."><![CDATA[line 27, col 6, Error - Strings must use doublequote. (quotes)]]></failure></testcase>
<testcase time="0" name="org.eslint.func-names"><failure message="Unexpected unnamed function."><![CDATA[line 27, col 29, Warning - Unexpected unnamed function. (func-names)]]></failure></testcase>
<testcase time="0" name="org.eslint.prefer-arrow-callback"><failure message="Unexpected function expression."><![CDATA[line 27, col 29, Error - Unexpected function expression. (prefer-arrow-callback)]]></failure></testcase>
<testcase time="0" name="org.eslint.no-var"><failure message="Unexpected var, use let or const instead."><![CDATA[line 28, col 5, Error - Unexpected var, use let or const instead. (no-var)]]></failure></testcase>
<testcase time="0" name="org.eslint.no-undef"><failure message="&apos;sails&apos; is not defined."><![CDATA[line 28, col 33, Error - &apos;sails&apos; is not defined. (no-undef)]]></failure></testcase>
<testcase time="0" name="org.eslint.quotes"><failure message="Strings must use doublequote."><![CDATA[line 30, col 12, Error - Strings must use doublequote. (quotes)]]></failure></testcase>
<testcase time="0" name="org.eslint.prefer-arrow-callback"><failure message="Unexpected function expression."><![CDATA[line 33, col 12, Error - Unexpected function expression. (prefer-arrow-callback)]]></failure></testcase>
<testcase time="0" name="org.eslint.func-names"><failure message="Unexpected unnamed function."><![CDATA[line 33, col 12, Warning - Unexpected unnamed function. (func-names)]]></failure></testcase>
<testcase time="0" name="org.eslint.no-unused-vars"><failure message="&apos;result&apos; is defined but never used."><![CDATA[line 33, col 27, Error - &apos;result&apos; is defined but never used. (no-unused-vars)]]></failure></testcase>
<testcase time="0" name="org.eslint.no-console"><failure message="Unexpected console statement."><![CDATA[line 35, col 12, Warning - Unexpected console statement. (no-console)]]></failure></testcase>
<testcase time="0" name="org.eslint.quotes"><failure message="Strings must use doublequote."><![CDATA[line 35, col 24, Error - Strings must use doublequote. (quotes)]]></failure></testcase>
<testcase time="0" name="org.eslint.comma-spacing"><failure message="A space is required after &apos;,&apos;."><![CDATA[line 35, col 29, Error - A space is required after &apos;,&apos;. (comma-spacing)]]></failure></testcase>
<testcase time="0" name="org.eslint.padded-blocks"><failure message="Block must not be padded by blank lines."><![CDATA[line 38, col 16, Error - Block must not be padded by blank lines. (padded-blocks)]]></failure></testcase>
<testcase time="0" name="org.eslint.no-trailing-spaces"><failure message="Trailing spaces not allowed."><![CDATA[line 39, col 1, Error - Trailing spaces not allowed. (no-trailing-spaces)]]></failure></testcase>
<testcase time="0" name="org.eslint.no-undef"><failure message="&apos;it&apos; is not defined."><![CDATA[line 45, col 3, Error - &apos;it&apos; is not defined. (no-undef)]]></failure></testcase>
<testcase time="0" name="org.eslint.quotes"><failure message="Strings must use doublequote."><![CDATA[line 45, col 6, Error - Strings must use doublequote. (quotes)]]></failure></testcase>
<testcase time="0" name="org.eslint.prefer-arrow-callback"><failure message="Unexpected function expression."><![CDATA[line 45, col 30, Error - Unexpected function expression. (prefer-arrow-callback)]]></failure></testcase>
<testcase time="0" name="org.eslint.func-names"><failure message="Unexpected unnamed function."><![CDATA[line 45, col 30, Warning - Unexpected unnamed function. (func-names)]]></failure></testcase>
<testcase time="0" name="org.eslint.no-var"><failure message="Unexpected var, use let or const instead."><![CDATA[line 46, col 5, Error - Unexpected var, use let or const instead. (no-var)]]></failure></testcase>
<testcase time="0" name="org.eslint.no-undef"><failure message="&apos;sails&apos; is not defined."><![CDATA[line 46, col 33, Error - &apos;sails&apos; is not defined. (no-undef)]]></failure></testcase>
<testcase time="0" name="org.eslint.quotes"><failure message="Strings must use doublequote."><![CDATA[line 48, col 12, Error - Strings must use doublequote. (quotes)]]></failure></testcase>
<testcase time="0" name="org.eslint.prefer-arrow-callback"><failure message="Unexpected function expression."><![CDATA[line 51, col 12, Error - Unexpected function expression. (prefer-arrow-callback)]]></failure></testcase>
<testcase time="0" name="org.eslint.func-names"><failure message="Unexpected unnamed function."><![CDATA[line 51, col 12, Warning - Unexpected unnamed function. (func-names)]]></failure></testcase>
<testcase time="0" name="org.eslint.no-unused-vars"><failure message="&apos;result&apos; is defined but never used."><![CDATA[line 51, col 27, Error - &apos;result&apos; is defined but never used. (no-unused-vars)]]></failure></testcase>
<testcase time="0" name="org.eslint.no-console"><failure message="Unexpected console statement."><![CDATA[line 53, col 11, Warning - Unexpected console statement. (no-console)]]></failure></testcase>
<testcase time="0" name="org.eslint.quotes"><failure message="Strings must use doublequote."><![CDATA[line 53, col 23, Error - Strings must use doublequote. (quotes)]]></failure></testcase>
<testcase time="0" name="org.eslint.comma-spacing"><failure message="A space is required after &apos;,&apos;."><![CDATA[line 53, col 33, Error - A space is required after &apos;,&apos;. (comma-spacing)]]></failure></testcase>
<testcase time="0" name="org.eslint.padded-blocks"><failure message="Block must not be padded by blank lines."><![CDATA[line 56, col 16, Error - Block must not be padded by blank lines. (padded-blocks)]]></failure></testcase>
<testcase time="0" name="org.eslint.no-trailing-spaces"><failure message="Trailing spaces not allowed."><![CDATA[line 57, col 1, Error - Trailing spaces not allowed. (no-trailing-spaces)]]></failure></testcase>
<testcase time="0" name="org.eslint.no-undef"><failure message="&apos;it&apos; is not defined."><![CDATA[line 64, col 5, Error - &apos;it&apos; is not defined. (no-undef)]]></failure></testcase>
<testcase time="0" name="org.eslint.quotes"><failure message="Strings must use doublequote."><![CDATA[line 64, col 8, Error - Strings must use doublequote. (quotes)]]></failure></testcase>
<testcase time="0" name="org.eslint.prefer-arrow-callback"><failure message="Unexpected function expression."><![CDATA[line 64, col 32, Error - Unexpected function expression. (prefer-arrow-callback)]]></failure></testcase>
<testcase time="0" name="org.eslint.func-names"><failure message="Unexpected unnamed function."><![CDATA[line 64, col 32, Warning - Unexpected unnamed function. (func-names)]]></failure></testcase>
<testcase time="0" name="org.eslint.no-var"><failure message="Unexpected var, use let or const instead."><![CDATA[line 65, col 5, Error - Unexpected var, use let or const instead. (no-var)]]></failure></testcase>
<testcase time="0" name="org.eslint.no-undef"><failure message="&apos;sails&apos; is not defined."><![CDATA[line 65, col 33, Error - &apos;sails&apos; is not defined. (no-undef)]]></failure></testcase>
<testcase time="0" name="org.eslint.quotes"><failure message="Strings must use doublequote."><![CDATA[line 67, col 12, Error - Strings must use doublequote. (quotes)]]></failure></testcase>
<testcase time="0" name="org.eslint.func-names"><failure message="Unexpected unnamed function."><![CDATA[line 70, col 12, Warning - Unexpected unnamed function. (func-names)]]></failure></testcase>
<testcase time="0" name="org.eslint.prefer-arrow-callback"><failure message="Unexpected function expression."><![CDATA[line 70, col 12, Error - Unexpected function expression. (prefer-arrow-callback)]]></failure></testcase>
<testcase time="0" name="org.eslint.no-unused-vars"><failure message="&apos;result&apos; is defined but never used."><![CDATA[line 70, col 27, Error - &apos;result&apos; is defined but never used. (no-unused-vars)]]></failure></testcase>
<testcase time="0" name="org.eslint.no-console"><failure message="Unexpected console statement."><![CDATA[line 72, col 12, Warning - Unexpected console statement. (no-console)]]></failure></testcase>
<testcase time="0" name="org.eslint.quotes"><failure message="Strings must use doublequote."><![CDATA[line 72, col 24, Error - Strings must use doublequote. (quotes)]]></failure></testcase>
<testcase time="0" name="org.eslint.comma-spacing"><failure message="A space is required after &apos;,&apos;."><![CDATA[line 72, col 35, Error - A space is required after &apos;,&apos;. (comma-spacing)]]></failure></testcase>
<testcase time="0" name="org.eslint.no-undef"><failure message="&apos;it&apos; is not defined."><![CDATA[line 80, col 5, Error - &apos;it&apos; is not defined. (no-undef)]]></failure></testcase>
<testcase time="0" name="org.eslint.quotes"><failure message="Strings must use doublequote."><![CDATA[line 80, col 8, Error - Strings must use doublequote. (quotes)]]></failure></testcase>
<testcase time="0" name="org.eslint.func-names"><failure message="Unexpected unnamed function."><![CDATA[line 80, col 32, Warning - Unexpected unnamed function. (func-names)]]></failure></testcase>
<testcase time="0" name="org.eslint.prefer-arrow-callback"><failure message="Unexpected function expression."><![CDATA[line 80, col 32, Error - Unexpected function expression. (prefer-arrow-callback)]]></failure></testcase>
<testcase time="0" name="org.eslint.no-var"><failure message="Unexpected var, use let or const instead."><![CDATA[line 81, col 5, Error - Unexpected var, use let or const instead. (no-var)]]></failure></testcase>
<testcase time="0" name="org.eslint.no-undef"><failure message="&apos;sails&apos; is not defined."><![CDATA[line 81, col 33, Error - &apos;sails&apos; is not defined. (no-undef)]]></failure></testcase>
<testcase time="0" name="org.eslint.quotes"><failure message="Strings must use doublequote."><![CDATA[line 83, col 15, Error - Strings must use doublequote. (quotes)]]></failure></testcase>
<testcase time="0" name="org.eslint.func-names"><failure message="Unexpected unnamed function."><![CDATA[line 86, col 12, Warning - Unexpected unnamed function. (func-names)]]></failure></testcase>
<testcase time="0" name="org.eslint.prefer-arrow-callback"><failure message="Unexpected function expression."><![CDATA[line 86, col 12, Error - Unexpected function expression. (prefer-arrow-callback)]]></failure></testcase>
<testcase time="0" name="org.eslint.no-unused-vars"><failure message="&apos;result&apos; is defined but never used."><![CDATA[line 86, col 27, Error - &apos;result&apos; is defined but never used. (no-unused-vars)]]></failure></testcase>
<testcase time="0" name="org.eslint.no-console"><failure message="Unexpected console statement."><![CDATA[line 88, col 11, Warning - Unexpected console statement. (no-console)]]></failure></testcase>
<testcase time="0" name="org.eslint.quotes"><failure message="Strings must use doublequote."><![CDATA[line 88, col 23, Error - Strings must use doublequote. (quotes)]]></failure></testcase>
<testcase time="0" name="org.eslint.comma-spacing"><failure message="A space is required after &apos;,&apos;."><![CDATA[line 88, col 30, Error - A space is required after &apos;,&apos;. (comma-spacing)]]></failure></testcase>
<testcase time="0" name="org.eslint.no-undef"><failure message="&apos;it&apos; is not defined."><![CDATA[line 96, col 5, Error - &apos;it&apos; is not defined. (no-undef)]]></failure></testcase>
<testcase time="0" name="org.eslint.quotes"><failure message="Strings must use doublequote."><![CDATA[line 96, col 8, Error - Strings must use doublequote. (quotes)]]></failure></testcase>
<testcase time="0" name="org.eslint.prefer-arrow-callback"><failure message="Unexpected function expression."><![CDATA[line 96, col 35, Error - Unexpected function expression. (prefer-arrow-callback)]]></failure></testcase>
<testcase time="0" name="org.eslint.func-names"><failure message="Unexpected unnamed function."><![CDATA[line 96, col 35, Warning - Unexpected unnamed function. (func-names)]]></failure></testcase>
<testcase time="0" name="org.eslint.no-var"><failure message="Unexpected var, use let or const instead."><![CDATA[line 97, col 5, Error - Unexpected var, use let or const instead. (no-var)]]></failure></testcase>
<testcase time="0" name="org.eslint.no-undef"><failure message="&apos;sails&apos; is not defined."><![CDATA[line 97, col 33, Error - &apos;sails&apos; is not defined. (no-undef)]]></failure></testcase>
<testcase time="0" name="org.eslint.quotes"><failure message="Strings must use doublequote."><![CDATA[line 99, col 15, Error - Strings must use doublequote. (quotes)]]></failure></testcase>
<testcase time="0" name="org.eslint.prefer-arrow-callback"><failure message="Unexpected function expression."><![CDATA[line 102, col 12, Error - Unexpected function expression. (prefer-arrow-callback)]]></failure></testcase>
<testcase time="0" name="org.eslint.func-names"><failure message="Unexpected unnamed function."><![CDATA[line 102, col 12, Warning - Unexpected unnamed function. (func-names)]]></failure></testcase>
<testcase time="0" name="org.eslint.no-unused-vars"><failure message="&apos;result&apos; is defined but never used."><![CDATA[line 102, col 27, Error - &apos;result&apos; is defined but never used. (no-unused-vars)]]></failure></testcase>
<testcase time="0" name="org.eslint.no-console"><failure message="Unexpected console statement."><![CDATA[line 104, col 11, Warning - Unexpected console statement. (no-console)]]></failure></testcase>
<testcase time="0" name="org.eslint.quotes"><failure message="Strings must use doublequote."><![CDATA[line 104, col 23, Error - Strings must use doublequote. (quotes)]]></failure></testcase>
<testcase time="0" name="org.eslint.comma-spacing"><failure message="A space is required after &apos;,&apos;."><![CDATA[line 104, col 29, Error - A space is required after &apos;,&apos;. (comma-spacing)]]></failure></testcase>
<testcase time="0" name="org.eslint.padded-blocks"><failure message="Block must not be padded by blank lines."><![CDATA[line 107, col 16, Error - Block must not be padded by blank lines. (padded-blocks)]]></failure></testcase>
<testcase time="0" name="org.eslint.no-trailing-spaces"><failure message="Trailing spaces not allowed."><![CDATA[line 108, col 1, Error - Trailing spaces not allowed. (no-trailing-spaces)]]></failure></testcase>
<testcase time="0" name="org.eslint.no-multiple-empty-lines"><failure message="More than 2 blank lines not allowed."><![CDATA[line 108, col 1, Error - More than 2 blank lines not allowed. (no-multiple-empty-lines)]]></failure></testcase>
<testcase time="0" name="org.eslint.no-trailing-spaces"><failure message="Trailing spaces not allowed."><![CDATA[line 110, col 1, Error - Trailing spaces not allowed. (no-trailing-spaces)]]></failure></testcase>
<testcase time="0" name="org.eslint.no-undef"><failure message="&apos;it&apos; is not defined."><![CDATA[line 116, col 5, Error - &apos;it&apos; is not defined. (no-undef)]]></failure></testcase>
<testcase time="0" name="org.eslint.quotes"><failure message="Strings must use doublequote."><![CDATA[line 116, col 8, Error - Strings must use doublequote. (quotes)]]></failure></testcase>
<testcase time="0" name="org.eslint.func-names"><failure message="Unexpected unnamed function."><![CDATA[line 116, col 32, Warning - Unexpected unnamed function. (func-names)]]></failure></testcase>
<testcase time="0" name="org.eslint.prefer-arrow-callback"><failure message="Unexpected function expression."><![CDATA[line 116, col 32, Error - Unexpected function expression. (prefer-arrow-callback)]]></failure></testcase>
<testcase time="0" name="org.eslint.no-var"><failure message="Unexpected var, use let or const instead."><![CDATA[line 117, col 5, Error - Unexpected var, use let or const instead. (no-var)]]></failure></testcase>
<testcase time="0" name="org.eslint.no-undef"><failure message="&apos;sails&apos; is not defined."><![CDATA[line 117, col 33, Error - &apos;sails&apos; is not defined. (no-undef)]]></failure></testcase>
<testcase time="0" name="org.eslint.quotes"><failure message="Strings must use doublequote."><![CDATA[line 119, col 12, Error - Strings must use doublequote. (quotes)]]></failure></testcase>
<testcase time="0" name="org.eslint.func-names"><failure message="Unexpected unnamed function."><![CDATA[line 122, col 12, Warning - Unexpected unnamed function. (func-names)]]></failure></testcase>
<testcase time="0" name="org.eslint.prefer-arrow-callback"><failure message="Unexpected function expression."><![CDATA[line 122, col 12, Error - Unexpected function expression. (prefer-arrow-callback)]]></failure></testcase>
<testcase time="0" name="org.eslint.no-unused-vars"><failure message="&apos;result&apos; is defined but never used."><![CDATA[line 122, col 27, Error - &apos;result&apos; is defined but never used. (no-unused-vars)]]></failure></testcase>
<testcase time="0" name="org.eslint.no-console"><failure message="Unexpected console statement."><![CDATA[line 124, col 11, Warning - Unexpected console statement. (no-console)]]></failure></testcase>
<testcase time="0" name="org.eslint.quotes"><failure message="Strings must use doublequote."><![CDATA[line 124, col 23, Error - Strings must use doublequote. (quotes)]]></failure></testcase>
<testcase time="0" name="org.eslint.comma-spacing"><failure message="A space is required after &apos;,&apos;."><![CDATA[line 124, col 29, Error - A space is required after &apos;,&apos;. (comma-spacing)]]></failure></testcase>
<testcase time="0" name="org.eslint.padded-blocks"><failure message="Block must not be padded by blank lines."><![CDATA[line 127, col 16, Error - Block must not be padded by blank lines. (padded-blocks)]]></failure></testcase>
<testcase time="0" name="org.eslint.no-trailing-spaces"><failure message="Trailing spaces not allowed."><![CDATA[line 128, col 1, Error - Trailing spaces not allowed. (no-trailing-spaces)]]></failure></testcase>
<testcase time="0" name="org.eslint.padded-blocks"><failure message="Block must not be padded by blank lines."><![CDATA[line 135, col 1, Error - Block must not be padded by blank lines. (padded-blocks)]]></failure></testcase>
</testsuite>
<testsuite package="org.eslint" time="0" tests="116" errors="116" name="C:\Users\KIIT\Documents\workspace\frescoplay2\test\controllers\SegmentController.test.js">
<testcase time="0" name="org.eslint.no-var"><failure message="Unexpected var, use let or const instead."><![CDATA[line 1, col 1, Error - Unexpected var, use let or const instead. (no-var)]]></failure></testcase>
<testcase time="0" name="org.eslint.quotes"><failure message="Strings must use doublequote."><![CDATA[line 1, col 25, Error - Strings must use doublequote. (quotes)]]></failure></testcase>
<testcase time="0" name="org.eslint.no-var"><failure message="Unexpected var, use let or const instead."><![CDATA[line 2, col 1, Error - Unexpected var, use let or const instead. (no-var)]]></failure></testcase>
<testcase time="0" name="org.eslint.no-unused-vars"><failure message="&apos;assert&apos; is assigned a value but never used."><![CDATA[line 2, col 5, Error - &apos;assert&apos; is assigned a value but never used. (no-unused-vars)]]></failure></testcase>
<testcase time="0" name="org.eslint.quotes"><failure message="Strings must use doublequote."><![CDATA[line 2, col 22, Error - Strings must use doublequote. (quotes)]]></failure></testcase>
<testcase time="0" name="org.eslint.no-var"><failure message="Unexpected var, use let or const instead."><![CDATA[line 4, col 1, Error - Unexpected var, use let or const instead. (no-var)]]></failure></testcase>
<testcase time="0" name="org.eslint.no-unused-vars"><failure message="&apos;createdSegment&apos; is defined but never used."><![CDATA[line 4, col 5, Error - &apos;createdSegment&apos; is defined but never used. (no-unused-vars)]]></failure></testcase>
<testcase time="0" name="org.eslint.quotes"><failure message="Strings must use doublequote."><![CDATA[line 5, col 9, Error - Strings must use doublequote. (quotes)]]></failure></testcase>
<testcase time="0" name="org.eslint.no-undef"><failure message="&apos;describe&apos; is not defined."><![CDATA[line 7, col 1, Error - &apos;describe&apos; is not defined. (no-undef)]]></failure></testcase>
<testcase time="0" name="org.eslint.quotes"><failure message="Strings must use doublequote."><![CDATA[line 7, col 10, Error - Strings must use doublequote. (quotes)]]></failure></testcase>
<testcase time="0" name="org.eslint.func-names"><failure message="Unexpected unnamed function."><![CDATA[line 7, col 32, Warning - Unexpected unnamed function. (func-names)]]></failure></testcase>
<testcase time="0" name="org.eslint.prefer-arrow-callback"><failure message="Unexpected function expression."><![CDATA[line 7, col 32, Error - Unexpected function expression. (prefer-arrow-callback)]]></failure></testcase>
<testcase time="0" name="org.eslint.space-before-function-paren"><failure message="Missing space before function parentheses."><![CDATA[line 7, col 40, Error - Missing space before function parentheses. (space-before-function-paren)]]></failure></testcase>
<testcase time="0" name="org.eslint.no-undef"><failure message="&apos;it&apos; is not defined."><![CDATA[line 8, col 3, Error - &apos;it&apos; is not defined. (no-undef)]]></failure></testcase>
<testcase time="0" name="org.eslint.quotes"><failure message="Strings must use doublequote."><![CDATA[line 8, col 6, Error - Strings must use doublequote. (quotes)]]></failure></testcase>
<testcase time="0" name="org.eslint.func-names"><failure message="Unexpected unnamed function."><![CDATA[line 8, col 22, Warning - Unexpected unnamed function. (func-names)]]></failure></testcase>
<testcase time="0" name="org.eslint.prefer-arrow-callback"><failure message="Unexpected function expression."><![CDATA[line 8, col 22, Error - Unexpected function expression. (prefer-arrow-callback)]]></failure></testcase>
<testcase time="0" name="org.eslint.space-before-function-paren"><failure message="Missing space before function parentheses."><![CDATA[line 8, col 30, Error - Missing space before function parentheses. (space-before-function-paren)]]></failure></testcase>
<testcase time="0" name="org.eslint.no-var"><failure message="Unexpected var, use let or const instead."><![CDATA[line 9, col 5, Error - Unexpected var, use let or const instead. (no-var)]]></failure></testcase>
<testcase time="0" name="org.eslint.no-undef"><failure message="&apos;sails&apos; is not defined."><![CDATA[line 9, col 33, Error - &apos;sails&apos; is not defined. (no-undef)]]></failure></testcase>
<testcase time="0" name="org.eslint.quotes"><failure message="Strings must use doublequote."><![CDATA[line 11, col 12, Error - Strings must use doublequote. (quotes)]]></failure></testcase>
<testcase time="0" name="org.eslint.prefer-arrow-callback"><failure message="Unexpected function expression."><![CDATA[line 14, col 12, Error - Unexpected function expression. (prefer-arrow-callback)]]></failure></testcase>
<testcase time="0" name="org.eslint.func-names"><failure message="Unexpected unnamed function."><![CDATA[line 14, col 12, Warning - Unexpected unnamed function. (func-names)]]></failure></testcase>
<testcase time="0" name="org.eslint.space-before-function-paren"><failure message="Missing space before function parentheses."><![CDATA[line 14, col 20, Error - Missing space before function parentheses. (space-before-function-paren)]]></failure></testcase>
<testcase time="0" name="org.eslint.no-console"><failure message="Unexpected console statement."><![CDATA[line 16, col 12, Warning - Unexpected console statement. (no-console)]]></failure></testcase>
<testcase time="0" name="org.eslint.quotes"><failure message="Strings must use doublequote."><![CDATA[line 16, col 24, Error - Strings must use doublequote. (quotes)]]></failure></testcase>
<testcase time="0" name="org.eslint.comma-spacing"><failure message="A space is required after &apos;,&apos;."><![CDATA[line 16, col 29, Error - A space is required after &apos;,&apos;. (comma-spacing)]]></failure></testcase>
<testcase time="0" name="org.eslint.no-undef"><failure message="&apos;it&apos; is not defined."><![CDATA[line 25, col 3, Error - &apos;it&apos; is not defined. (no-undef)]]></failure></testcase>
<testcase time="0" name="org.eslint.quotes"><failure message="Strings must use doublequote."><![CDATA[line 25, col 6, Error - Strings must use doublequote. (quotes)]]></failure></testcase>
<testcase time="0" name="org.eslint.func-names"><failure message="Unexpected unnamed function."><![CDATA[line 25, col 24, Warning - Unexpected unnamed function. (func-names)]]></failure></testcase>
<testcase time="0" name="org.eslint.prefer-arrow-callback"><failure message="Unexpected function expression."><![CDATA[line 25, col 24, Error - Unexpected function expression. (prefer-arrow-callback)]]></failure></testcase>
<testcase time="0" name="org.eslint.no-var"><failure message="Unexpected var, use let or const instead."><![CDATA[line 26, col 5, Error - Unexpected var, use let or const instead. (no-var)]]></failure></testcase>
<testcase time="0" name="org.eslint.no-undef"><failure message="&apos;sails&apos; is not defined."><![CDATA[line 26, col 33, Error - &apos;sails&apos; is not defined. (no-undef)]]></failure></testcase>
<testcase time="0" name="org.eslint.quotes"><failure message="Strings must use doublequote."><![CDATA[line 28, col 12, Error - Strings must use doublequote. (quotes)]]></failure></testcase>
<testcase time="0" name="org.eslint.prefer-arrow-callback"><failure message="Unexpected function expression."><![CDATA[line 31, col 12, Error - Unexpected function expression. (prefer-arrow-callback)]]></failure></testcase>
<testcase time="0" name="org.eslint.func-names"><failure message="Unexpected unnamed function."><![CDATA[line 31, col 12, Warning - Unexpected unnamed function. (func-names)]]></failure></testcase>
<testcase time="0" name="org.eslint.no-unused-vars"><failure message="&apos;result&apos; is defined but never used."><![CDATA[line 31, col 27, Error - &apos;result&apos; is defined but never used. (no-unused-vars)]]></failure></testcase>
<testcase time="0" name="org.eslint.no-console"><failure message="Unexpected console statement."><![CDATA[line 33, col 12, Warning - Unexpected console statement. (no-console)]]></failure></testcase>
<testcase time="0" name="org.eslint.quotes"><failure message="Strings must use doublequote."><![CDATA[line 33, col 24, Error - Strings must use doublequote. (quotes)]]></failure></testcase>
<testcase time="0" name="org.eslint.comma-spacing"><failure message="A space is required after &apos;,&apos;."><![CDATA[line 33, col 29, Error - A space is required after &apos;,&apos;. (comma-spacing)]]></failure></testcase>
<testcase time="0" name="org.eslint.padded-blocks"><failure message="Block must not be padded by blank lines."><![CDATA[line 36, col 16, Error - Block must not be padded by blank lines. (padded-blocks)]]></failure></testcase>
<testcase time="0" name="org.eslint.no-trailing-spaces"><failure message="Trailing spaces not allowed."><![CDATA[line 37, col 1, Error - Trailing spaces not allowed. (no-trailing-spaces)]]></failure></testcase>
<testcase time="0" name="org.eslint.no-undef"><failure message="&apos;it&apos; is not defined."><![CDATA[line 43, col 3, Error - &apos;it&apos; is not defined. (no-undef)]]></failure></testcase>
<testcase time="0" name="org.eslint.quotes"><failure message="Strings must use doublequote."><![CDATA[line 43, col 6, Error - Strings must use doublequote. (quotes)]]></failure></testcase>
<testcase time="0" name="org.eslint.prefer-arrow-callback"><failure message="Unexpected function expression."><![CDATA[line 43, col 25, Error - Unexpected function expression. (prefer-arrow-callback)]]></failure></testcase>
<testcase time="0" name="org.eslint.func-names"><failure message="Unexpected unnamed function."><![CDATA[line 43, col 25, Warning - Unexpected unnamed function. (func-names)]]></failure></testcase>
<testcase time="0" name="org.eslint.no-var"><failure message="Unexpected var, use let or const instead."><![CDATA[line 44, col 5, Error - Unexpected var, use let or const instead. (no-var)]]></failure></testcase>
<testcase time="0" name="org.eslint.no-undef"><failure message="&apos;sails&apos; is not defined."><![CDATA[line 44, col 33, Error - &apos;sails&apos; is not defined. (no-undef)]]></failure></testcase>
<testcase time="0" name="org.eslint.quotes"><failure message="Strings must use doublequote."><![CDATA[line 46, col 12, Error - Strings must use doublequote. (quotes)]]></failure></testcase>
<testcase time="0" name="org.eslint.func-names"><failure message="Unexpected unnamed function."><![CDATA[line 49, col 12, Warning - Unexpected unnamed function. (func-names)]]></failure></testcase>
<testcase time="0" name="org.eslint.prefer-arrow-callback"><failure message="Unexpected function expression."><![CDATA[line 49, col 12, Error - Unexpected function expression. (prefer-arrow-callback)]]></failure></testcase>
<testcase time="0" name="org.eslint.no-unused-vars"><failure message="&apos;result&apos; is defined but never used."><![CDATA[line 49, col 27, Error - &apos;result&apos; is defined but never used. (no-unused-vars)]]></failure></testcase>
<testcase time="0" name="org.eslint.no-console"><failure message="Unexpected console statement."><![CDATA[line 51, col 11, Warning - Unexpected console statement. (no-console)]]></failure></testcase>
<testcase time="0" name="org.eslint.quotes"><failure message="Strings must use doublequote."><![CDATA[line 51, col 23, Error - Strings must use doublequote. (quotes)]]></failure></testcase>
<testcase time="0" name="org.eslint.comma-spacing"><failure message="A space is required after &apos;,&apos;."><![CDATA[line 51, col 29, Error - A space is required after &apos;,&apos;. (comma-spacing)]]></failure></testcase>
<testcase time="0" name="org.eslint.padded-blocks"><failure message="Block must not be padded by blank lines."><![CDATA[line 54, col 16, Error - Block must not be padded by blank lines. (padded-blocks)]]></failure></testcase>
<testcase time="0" name="org.eslint.no-trailing-spaces"><failure message="Trailing spaces not allowed."><![CDATA[line 55, col 1, Error - Trailing spaces not allowed. (no-trailing-spaces)]]></failure></testcase>
<testcase time="0" name="org.eslint.no-undef"><failure message="&apos;it&apos; is not defined."><![CDATA[line 62, col 5, Error - &apos;it&apos; is not defined. (no-undef)]]></failure></testcase>
<testcase time="0" name="org.eslint.quotes"><failure message="Strings must use doublequote."><![CDATA[line 62, col 8, Error - Strings must use doublequote. (quotes)]]></failure></testcase>
<testcase time="0" name="org.eslint.prefer-arrow-callback"><failure message="Unexpected function expression."><![CDATA[line 62, col 27, Error - Unexpected function expression. (prefer-arrow-callback)]]></failure></testcase>
<testcase time="0" name="org.eslint.func-names"><failure message="Unexpected unnamed function."><![CDATA[line 62, col 27, Warning - Unexpected unnamed function. (func-names)]]></failure></testcase>
<testcase time="0" name="org.eslint.no-var"><failure message="Unexpected var, use let or const instead."><![CDATA[line 63, col 5, Error - Unexpected var, use let or const instead. (no-var)]]></failure></testcase>
<testcase time="0" name="org.eslint.no-undef"><failure message="&apos;sails&apos; is not defined."><![CDATA[line 63, col 33, Error - &apos;sails&apos; is not defined. (no-undef)]]></failure></testcase>
<testcase time="0" name="org.eslint.quotes"><failure message="Strings must use doublequote."><![CDATA[line 65, col 12, Error - Strings must use doublequote. (quotes)]]></failure></testcase>
<testcase time="0" name="org.eslint.func-names"><failure message="Unexpected unnamed function."><![CDATA[line 68, col 12, Warning - Unexpected unnamed function. (func-names)]]></failure></testcase>
<testcase time="0" name="org.eslint.prefer-arrow-callback"><failure message="Unexpected function expression."><![CDATA[line 68, col 12, Error - Unexpected function expression. (prefer-arrow-callback)]]></failure></testcase>
<testcase time="0" name="org.eslint.no-unused-vars"><failure message="&apos;result&apos; is defined but never used."><![CDATA[line 68, col 27, Error - &apos;result&apos; is defined but never used. (no-unused-vars)]]></failure></testcase>
<testcase time="0" name="org.eslint.no-console"><failure message="Unexpected console statement."><![CDATA[line 70, col 12, Warning - Unexpected console statement. (no-console)]]></failure></testcase>
<testcase time="0" name="org.eslint.quotes"><failure message="Strings must use doublequote."><![CDATA[line 70, col 24, Error - Strings must use doublequote. (quotes)]]></failure></testcase>
<testcase time="0" name="org.eslint.comma-spacing"><failure message="A space is required after &apos;,&apos;."><![CDATA[line 70, col 30, Error - A space is required after &apos;,&apos;. (comma-spacing)]]></failure></testcase>
<testcase time="0" name="org.eslint.no-undef"><failure message="&apos;it&apos; is not defined."><![CDATA[line 78, col 5, Error - &apos;it&apos; is not defined. (no-undef)]]></failure></testcase>
<testcase time="0" name="org.eslint.quotes"><failure message="Strings must use doublequote."><![CDATA[line 78, col 8, Error - Strings must use doublequote. (quotes)]]></failure></testcase>
<testcase time="0" name="org.eslint.prefer-arrow-callback"><failure message="Unexpected function expression."><![CDATA[line 78, col 27, Error - Unexpected function expression. (prefer-arrow-callback)]]></failure></testcase>
<testcase time="0" name="org.eslint.func-names"><failure message="Unexpected unnamed function."><![CDATA[line 78, col 27, Warning - Unexpected unnamed function. (func-names)]]></failure></testcase>
<testcase time="0" name="org.eslint.no-var"><failure message="Unexpected var, use let or const instead."><![CDATA[line 79, col 5, Error - Unexpected var, use let or const instead. (no-var)]]></failure></testcase>
<testcase time="0" name="org.eslint.no-undef"><failure message="&apos;sails&apos; is not defined."><![CDATA[line 79, col 33, Error - &apos;sails&apos; is not defined. (no-undef)]]></failure></testcase>
<testcase time="0" name="org.eslint.quotes"><failure message="Strings must use doublequote."><![CDATA[line 81, col 15, Error - Strings must use doublequote. (quotes)]]></failure></testcase>
<testcase time="0" name="org.eslint.prefer-arrow-callback"><failure message="Unexpected function expression."><![CDATA[line 84, col 12, Error - Unexpected function expression. (prefer-arrow-callback)]]></failure></testcase>
<testcase time="0" name="org.eslint.func-names"><failure message="Unexpected unnamed function."><![CDATA[line 84, col 12, Warning - Unexpected unnamed function. (func-names)]]></failure></testcase>
<testcase time="0" name="org.eslint.no-unused-vars"><failure message="&apos;result&apos; is defined but never used."><![CDATA[line 84, col 27, Error - &apos;result&apos; is defined but never used. (no-unused-vars)]]></failure></testcase>
<testcase time="0" name="org.eslint.no-console"><failure message="Unexpected console statement."><![CDATA[line 86, col 11, Warning - Unexpected console statement. (no-console)]]></failure></testcase>
<testcase time="0" name="org.eslint.quotes"><failure message="Strings must use doublequote."><![CDATA[line 86, col 23, Error - Strings must use doublequote. (quotes)]]></failure></testcase>
<testcase time="0" name="org.eslint.comma-spacing"><failure message="A space is required after &apos;,&apos;."><![CDATA[line 86, col 29, Error - A space is required after &apos;,&apos;. (comma-spacing)]]></failure></testcase>
<testcase time="0" name="org.eslint.no-undef"><failure message="&apos;it&apos; is not defined."><![CDATA[line 94, col 5, Error - &apos;it&apos; is not defined. (no-undef)]]></failure></testcase>
<testcase time="0" name="org.eslint.quotes"><failure message="Strings must use doublequote."><![CDATA[line 94, col 8, Error - Strings must use doublequote. (quotes)]]></failure></testcase>
<testcase time="0" name="org.eslint.func-names"><failure message="Unexpected unnamed function."><![CDATA[line 94, col 30, Warning - Unexpected unnamed function. (func-names)]]></failure></testcase>
<testcase time="0" name="org.eslint.prefer-arrow-callback"><failure message="Unexpected function expression."><![CDATA[line 94, col 30, Error - Unexpected function expression. (prefer-arrow-callback)]]></failure></testcase>
<testcase time="0" name="org.eslint.no-var"><failure message="Unexpected var, use let or const instead."><![CDATA[line 95, col 5, Error - Unexpected var, use let or const instead. (no-var)]]></failure></testcase>
<testcase time="0" name="org.eslint.no-undef"><failure message="&apos;sails&apos; is not defined."><![CDATA[line 95, col 33, Error - &apos;sails&apos; is not defined. (no-undef)]]></failure></testcase>
<testcase time="0" name="org.eslint.quotes"><failure message="Strings must use doublequote."><![CDATA[line 97, col 15, Error - Strings must use doublequote. (quotes)]]></failure></testcase>
<testcase time="0" name="org.eslint.func-names"><failure message="Unexpected unnamed function."><![CDATA[line 100, col 12, Warning - Unexpected unnamed function. (func-names)]]></failure></testcase>
<testcase time="0" name="org.eslint.prefer-arrow-callback"><failure message="Unexpected function expression."><![CDATA[line 100, col 12, Error - Unexpected function expression. (prefer-arrow-callback)]]></failure></testcase>
<testcase time="0" name="org.eslint.no-unused-vars"><failure message="&apos;result&apos; is defined but never used."><![CDATA[line 100, col 27, Error - &apos;result&apos; is defined but never used. (no-unused-vars)]]></failure></testcase>
<testcase time="0" name="org.eslint.no-console"><failure message="Unexpected console statement."><![CDATA[line 102, col 11, Warning - Unexpected console statement. (no-console)]]></failure></testcase>
<testcase time="0" name="org.eslint.quotes"><failure message="Strings must use doublequote."><![CDATA[line 102, col 23, Error - Strings must use doublequote. (quotes)]]></failure></testcase>
<testcase time="0" name="org.eslint.comma-spacing"><failure message="A space is required after &apos;,&apos;."><![CDATA[line 102, col 29, Error - A space is required after &apos;,&apos;. (comma-spacing)]]></failure></testcase>
<testcase time="0" name="org.eslint.padded-blocks"><failure message="Block must not be padded by blank lines."><![CDATA[line 105, col 16, Error - Block must not be padded by blank lines. (padded-blocks)]]></failure></testcase>
<testcase time="0" name="org.eslint.no-trailing-spaces"><failure message="Trailing spaces not allowed."><![CDATA[line 106, col 1, Error - Trailing spaces not allowed. (no-trailing-spaces)]]></failure></testcase>
<testcase time="0" name="org.eslint.no-multiple-empty-lines"><failure message="More than 2 blank lines not allowed."><![CDATA[line 106, col 1, Error - More than 2 blank lines not allowed. (no-multiple-empty-lines)]]></failure></testcase>
<testcase time="0" name="org.eslint.no-trailing-spaces"><failure message="Trailing spaces not allowed."><![CDATA[line 108, col 1, Error - Trailing spaces not allowed. (no-trailing-spaces)]]></failure></testcase>
<testcase time="0" name="org.eslint.no-undef"><failure message="&apos;it&apos; is not defined."><![CDATA[line 114, col 5, Error - &apos;it&apos; is not defined. (no-undef)]]></failure></testcase>
<testcase time="0" name="org.eslint.quotes"><failure message="Strings must use doublequote."><![CDATA[line 114, col 8, Error - Strings must use doublequote. (quotes)]]></failure></testcase>
<testcase time="0" name="org.eslint.func-names"><failure message="Unexpected unnamed function."><![CDATA[line 114, col 27, Warning - Unexpected unnamed function. (func-names)]]></failure></testcase>
<testcase time="0" name="org.eslint.prefer-arrow-callback"><failure message="Unexpected function expression."><![CDATA[line 114, col 27, Error - Unexpected function expression. (prefer-arrow-callback)]]></failure></testcase>
<testcase time="0" name="org.eslint.no-var"><failure message="Unexpected var, use let or const instead."><![CDATA[line 115, col 5, Error - Unexpected var, use let or const instead. (no-var)]]></failure></testcase>
<testcase time="0" name="org.eslint.no-undef"><failure message="&apos;sails&apos; is not defined."><![CDATA[line 115, col 33, Error - &apos;sails&apos; is not defined. (no-undef)]]></failure></testcase>
<testcase time="0" name="org.eslint.quotes"><failure message="Strings must use doublequote."><![CDATA[line 117, col 12, Error - Strings must use doublequote. (quotes)]]></failure></testcase>
<testcase time="0" name="org.eslint.func-names"><failure message="Unexpected unnamed function."><![CDATA[line 120, col 12, Warning - Unexpected unnamed function. (func-names)]]></failure></testcase>
<testcase time="0" name="org.eslint.prefer-arrow-callback"><failure message="Unexpected function expression."><![CDATA[line 120, col 12, Error - Unexpected function expression. (prefer-arrow-callback)]]></failure></testcase>
<testcase time="0" name="org.eslint.no-unused-vars"><failure message="&apos;result&apos; is defined but never used."><![CDATA[line 120, col 27, Error - &apos;result&apos; is defined but never used. (no-unused-vars)]]></failure></testcase>
<testcase time="0" name="org.eslint.no-console"><failure message="Unexpected console statement."><![CDATA[line 122, col 11, Warning - Unexpected console statement. (no-console)]]></failure></testcase>
<testcase time="0" name="org.eslint.quotes"><failure message="Strings must use doublequote."><![CDATA[line 122, col 23, Error - Strings must use doublequote. (quotes)]]></failure></testcase>
<testcase time="0" name="org.eslint.comma-spacing"><failure message="A space is required after &apos;,&apos;."><![CDATA[line 122, col 28, Error - A space is required after &apos;,&apos;. (comma-spacing)]]></failure></testcase>
<testcase time="0" name="org.eslint.padded-blocks"><failure message="Block must not be padded by blank lines."><![CDATA[line 125, col 16, Error - Block must not be padded by blank lines. (padded-blocks)]]></failure></testcase>
<testcase time="0" name="org.eslint.no-trailing-spaces"><failure message="Trailing spaces not allowed."><![CDATA[line 126, col 1, Error - Trailing spaces not allowed. (no-trailing-spaces)]]></failure></testcase>
<testcase time="0" name="org.eslint.padded-blocks"><failure message="Block must not be padded by blank lines."><![CDATA[line 134, col 1, Error - Block must not be padded by blank lines. (padded-blocks)]]></failure></testcase>
</testsuite>
<testsuite package="org.eslint" time="0" tests="114" errors="114" name="C:\Users\KIIT\Documents\workspace\frescoplay2\test\controllers\VarientController.test.js">
<testcase time="0" name="org.eslint.no-var"><failure message="Unexpected var, use let or const instead."><![CDATA[line 1, col 1, Error - Unexpected var, use let or const instead. (no-var)]]></failure></testcase>
<testcase time="0" name="org.eslint.quotes"><failure message="Strings must use doublequote."><![CDATA[line 1, col 25, Error - Strings must use doublequote. (quotes)]]></failure></testcase>
<testcase time="0" name="org.eslint.no-var"><failure message="Unexpected var, use let or const instead."><![CDATA[line 2, col 1, Error - Unexpected var, use let or const instead. (no-var)]]></failure></testcase>
<testcase time="0" name="org.eslint.no-unused-vars"><failure message="&apos;assert&apos; is assigned a value but never used."><![CDATA[line 2, col 5, Error - &apos;assert&apos; is assigned a value but never used. (no-unused-vars)]]></failure></testcase>
<testcase time="0" name="org.eslint.quotes"><failure message="Strings must use doublequote."><![CDATA[line 2, col 22, Error - Strings must use doublequote. (quotes)]]></failure></testcase>
<testcase time="0" name="org.eslint.quotes"><failure message="Strings must use doublequote."><![CDATA[line 5, col 9, Error - Strings must use doublequote. (quotes)]]></failure></testcase>
<testcase time="0" name="org.eslint.no-undef"><failure message="&apos;describe&apos; is not defined."><![CDATA[line 7, col 1, Error - &apos;describe&apos; is not defined. (no-undef)]]></failure></testcase>
<testcase time="0" name="org.eslint.quotes"><failure message="Strings must use doublequote."><![CDATA[line 7, col 10, Error - Strings must use doublequote. (quotes)]]></failure></testcase>
<testcase time="0" name="org.eslint.prefer-arrow-callback"><failure message="Unexpected function expression."><![CDATA[line 7, col 32, Error - Unexpected function expression. (prefer-arrow-callback)]]></failure></testcase>
<testcase time="0" name="org.eslint.func-names"><failure message="Unexpected unnamed function."><![CDATA[line 7, col 32, Warning - Unexpected unnamed function. (func-names)]]></failure></testcase>
<testcase time="0" name="org.eslint.no-undef"><failure message="&apos;it&apos; is not defined."><![CDATA[line 8, col 3, Error - &apos;it&apos; is not defined. (no-undef)]]></failure></testcase>
<testcase time="0" name="org.eslint.quotes"><failure message="Strings must use doublequote."><![CDATA[line 8, col 6, Error - Strings must use doublequote. (quotes)]]></failure></testcase>
<testcase time="0" name="org.eslint.prefer-arrow-callback"><failure message="Unexpected function expression."><![CDATA[line 8, col 22, Error - Unexpected function expression. (prefer-arrow-callback)]]></failure></testcase>
<testcase time="0" name="org.eslint.func-names"><failure message="Unexpected unnamed function."><![CDATA[line 8, col 22, Warning - Unexpected unnamed function. (func-names)]]></failure></testcase>
<testcase time="0" name="org.eslint.no-var"><failure message="Unexpected var, use let or const instead."><![CDATA[line 9, col 5, Error - Unexpected var, use let or const instead. (no-var)]]></failure></testcase>
<testcase time="0" name="org.eslint.no-undef"><failure message="&apos;sails&apos; is not defined."><![CDATA[line 9, col 33, Error - &apos;sails&apos; is not defined. (no-undef)]]></failure></testcase>
<testcase time="0" name="org.eslint.quotes"><failure message="Strings must use doublequote."><![CDATA[line 12, col 12, Error - Strings must use doublequote. (quotes)]]></failure></testcase>
<testcase time="0" name="org.eslint.func-names"><failure message="Unexpected unnamed function."><![CDATA[line 15, col 12, Warning - Unexpected unnamed function. (func-names)]]></failure></testcase>
<testcase time="0" name="org.eslint.prefer-arrow-callback"><failure message="Unexpected function expression."><![CDATA[line 15, col 12, Error - Unexpected function expression. (prefer-arrow-callback)]]></failure></testcase>
<testcase time="0" name="org.eslint.no-unused-vars"><failure message="&apos;result&apos; is defined but never used."><![CDATA[line 15, col 27, Error - &apos;result&apos; is defined but never used. (no-unused-vars)]]></failure></testcase>
<testcase time="0" name="org.eslint.no-console"><failure message="Unexpected console statement."><![CDATA[line 17, col 12, Warning - Unexpected console statement. (no-console)]]></failure></testcase>
<testcase time="0" name="org.eslint.quotes"><failure message="Strings must use doublequote."><![CDATA[line 17, col 24, Error - Strings must use doublequote. (quotes)]]></failure></testcase>
<testcase time="0" name="org.eslint.comma-spacing"><failure message="A space is required after &apos;,&apos;."><![CDATA[line 17, col 29, Error - A space is required after &apos;,&apos;. (comma-spacing)]]></failure></testcase>
<testcase time="0" name="org.eslint.padded-blocks"><failure message="Block must not be padded by blank lines."><![CDATA[line 20, col 16, Error - Block must not be padded by blank lines. (padded-blocks)]]></failure></testcase>
<testcase time="0" name="org.eslint.no-trailing-spaces"><failure message="Trailing spaces not allowed."><![CDATA[line 21, col 1, Error - Trailing spaces not allowed. (no-trailing-spaces)]]></failure></testcase>
<testcase time="0" name="org.eslint.no-undef"><failure message="&apos;it&apos; is not defined."><![CDATA[line 26, col 1, Error - &apos;it&apos; is not defined. (no-undef)]]></failure></testcase>
<testcase time="0" name="org.eslint.quotes"><failure message="Strings must use doublequote."><![CDATA[line 26, col 4, Error - Strings must use doublequote. (quotes)]]></failure></testcase>
<testcase time="0" name="org.eslint.func-names"><failure message="Unexpected unnamed function."><![CDATA[line 26, col 22, Warning - Unexpected unnamed function. (func-names)]]></failure></testcase>
<testcase time="0" name="org.eslint.prefer-arrow-callback"><failure message="Unexpected function expression."><![CDATA[line 26, col 22, Error - Unexpected function expression. (prefer-arrow-callback)]]></failure></testcase>
<testcase time="0" name="org.eslint.no-var"><failure message="Unexpected var, use let or const instead."><![CDATA[line 27, col 5, Error - Unexpected var, use let or const instead. (no-var)]]></failure></testcase>
<testcase time="0" name="org.eslint.no-undef"><failure message="&apos;sails&apos; is not defined."><![CDATA[line 27, col 33, Error - &apos;sails&apos; is not defined. (no-undef)]]></failure></testcase>
<testcase time="0" name="org.eslint.quotes"><failure message="Strings must use doublequote."><![CDATA[line 29, col 12, Error - Strings must use doublequote. (quotes)]]></failure></testcase>
<testcase time="0" name="org.eslint.prefer-arrow-callback"><failure message="Unexpected function expression."><![CDATA[line 32, col 12, Error - Unexpected function expression. (prefer-arrow-callback)]]></failure></testcase>
<testcase time="0" name="org.eslint.func-names"><failure message="Unexpected unnamed function."><![CDATA[line 32, col 12, Warning - Unexpected unnamed function. (func-names)]]></failure></testcase>
<testcase time="0" name="org.eslint.no-unused-vars"><failure message="&apos;result&apos; is defined but never used."><![CDATA[line 32, col 27, Error - &apos;result&apos; is defined but never used. (no-unused-vars)]]></failure></testcase>
<testcase time="0" name="org.eslint.no-console"><failure message="Unexpected console statement."><![CDATA[line 34, col 12, Warning - Unexpected console statement. (no-console)]]></failure></testcase>
<testcase time="0" name="org.eslint.quotes"><failure message="Strings must use doublequote."><![CDATA[line 34, col 24, Error - Strings must use doublequote. (quotes)]]></failure></testcase>
<testcase time="0" name="org.eslint.comma-spacing"><failure message="A space is required after &apos;,&apos;."><![CDATA[line 34, col 29, Error - A space is required after &apos;,&apos;. (comma-spacing)]]></failure></testcase>
<testcase time="0" name="org.eslint.padded-blocks"><failure message="Block must not be padded by blank lines."><![CDATA[line 37, col 16, Error - Block must not be padded by blank lines. (padded-blocks)]]></failure></testcase>
<testcase time="0" name="org.eslint.no-trailing-spaces"><failure message="Trailing spaces not allowed."><![CDATA[line 38, col 1, Error - Trailing spaces not allowed. (no-trailing-spaces)]]></failure></testcase>
<testcase time="0" name="org.eslint.no-undef"><failure message="&apos;it&apos; is not defined."><![CDATA[line 44, col 3, Error - &apos;it&apos; is not defined. (no-undef)]]></failure></testcase>
<testcase time="0" name="org.eslint.quotes"><failure message="Strings must use doublequote."><![CDATA[line 44, col 6, Error - Strings must use doublequote. (quotes)]]></failure></testcase>
<testcase time="0" name="org.eslint.prefer-arrow-callback"><failure message="Unexpected function expression."><![CDATA[line 44, col 25, Error - Unexpected function expression. (prefer-arrow-callback)]]></failure></testcase>
<testcase time="0" name="org.eslint.func-names"><failure message="Unexpected unnamed function."><![CDATA[line 44, col 25, Warning - Unexpected unnamed function. (func-names)]]></failure></testcase>
<testcase time="0" name="org.eslint.no-var"><failure message="Unexpected var, use let or const instead."><![CDATA[line 45, col 5, Error - Unexpected var, use let or const instead. (no-var)]]></failure></testcase>
<testcase time="0" name="org.eslint.no-undef"><failure message="&apos;sails&apos; is not defined."><![CDATA[line 45, col 33, Error - &apos;sails&apos; is not defined. (no-undef)]]></failure></testcase>
<testcase time="0" name="org.eslint.quotes"><failure message="Strings must use doublequote."><![CDATA[line 47, col 12, Error - Strings must use doublequote. (quotes)]]></failure></testcase>
<testcase time="0" name="org.eslint.prefer-arrow-callback"><failure message="Unexpected function expression."><![CDATA[line 50, col 12, Error - Unexpected function expression. (prefer-arrow-callback)]]></failure></testcase>
<testcase time="0" name="org.eslint.func-names"><failure message="Unexpected unnamed function."><![CDATA[line 50, col 12, Warning - Unexpected unnamed function. (func-names)]]></failure></testcase>
<testcase time="0" name="org.eslint.no-unused-vars"><failure message="&apos;result&apos; is defined but never used."><![CDATA[line 50, col 27, Error - &apos;result&apos; is defined but never used. (no-unused-vars)]]></failure></testcase>
<testcase time="0" name="org.eslint.no-console"><failure message="Unexpected console statement."><![CDATA[line 52, col 11, Warning - Unexpected console statement. (no-console)]]></failure></testcase>
<testcase time="0" name="org.eslint.quotes"><failure message="Strings must use doublequote."><![CDATA[line 52, col 23, Error - Strings must use doublequote. (quotes)]]></failure></testcase>
<testcase time="0" name="org.eslint.comma-spacing"><failure message="A space is required after &apos;,&apos;."><![CDATA[line 52, col 28, Error - A space is required after &apos;,&apos;. (comma-spacing)]]></failure></testcase>
<testcase time="0" name="org.eslint.padded-blocks"><failure message="Block must not be padded by blank lines."><![CDATA[line 55, col 16, Error - Block must not be padded by blank lines. (padded-blocks)]]></failure></testcase>
<testcase time="0" name="org.eslint.no-trailing-spaces"><failure message="Trailing spaces not allowed."><![CDATA[line 56, col 1, Error - Trailing spaces not allowed. (no-trailing-spaces)]]></failure></testcase>
<testcase time="0" name="org.eslint.no-undef"><failure message="&apos;it&apos; is not defined."><![CDATA[line 63, col 5, Error - &apos;it&apos; is not defined. (no-undef)]]></failure></testcase>
<testcase time="0" name="org.eslint.quotes"><failure message="Strings must use doublequote."><![CDATA[line 63, col 8, Error - Strings must use doublequote. (quotes)]]></failure></testcase>
<testcase time="0" name="org.eslint.prefer-arrow-callback"><failure message="Unexpected function expression."><![CDATA[line 63, col 27, Error - Unexpected function expression. (prefer-arrow-callback)]]></failure></testcase>
<testcase time="0" name="org.eslint.func-names"><failure message="Unexpected unnamed function."><![CDATA[line 63, col 27, Warning - Unexpected unnamed function. (func-names)]]></failure></testcase>
<testcase time="0" name="org.eslint.no-var"><failure message="Unexpected var, use let or const instead."><![CDATA[line 64, col 5, Error - Unexpected var, use let or const instead. (no-var)]]></failure></testcase>
<testcase time="0" name="org.eslint.no-undef"><failure message="&apos;sails&apos; is not defined."><![CDATA[line 64, col 33, Error - &apos;sails&apos; is not defined. (no-undef)]]></failure></testcase>
<testcase time="0" name="org.eslint.quotes"><failure message="Strings must use doublequote."><![CDATA[line 66, col 12, Error - Strings must use doublequote. (quotes)]]></failure></testcase>
<testcase time="0" name="org.eslint.func-names"><failure message="Unexpected unnamed function."><![CDATA[line 69, col 12, Warning - Unexpected unnamed function. (func-names)]]></failure></testcase>
<testcase time="0" name="org.eslint.prefer-arrow-callback"><failure message="Unexpected function expression."><![CDATA[line 69, col 12, Error - Unexpected function expression. (prefer-arrow-callback)]]></failure></testcase>
<testcase time="0" name="org.eslint.no-unused-vars"><failure message="&apos;result&apos; is defined but never used."><![CDATA[line 69, col 27, Error - &apos;result&apos; is defined but never used. (no-unused-vars)]]></failure></testcase>
<testcase time="0" name="org.eslint.no-console"><failure message="Unexpected console statement."><![CDATA[line 71, col 12, Warning - Unexpected console statement. (no-console)]]></failure></testcase>
<testcase time="0" name="org.eslint.quotes"><failure message="Strings must use doublequote."><![CDATA[line 71, col 24, Error - Strings must use doublequote. (quotes)]]></failure></testcase>
<testcase time="0" name="org.eslint.comma-spacing"><failure message="A space is required after &apos;,&apos;."><![CDATA[line 71, col 29, Error - A space is required after &apos;,&apos;. (comma-spacing)]]></failure></testcase>
<testcase time="0" name="org.eslint.no-undef"><failure message="&apos;it&apos; is not defined."><![CDATA[line 79, col 5, Error - &apos;it&apos; is not defined. (no-undef)]]></failure></testcase>
<testcase time="0" name="org.eslint.quotes"><failure message="Strings must use doublequote."><![CDATA[line 79, col 8, Error - Strings must use doublequote. (quotes)]]></failure></testcase>
<testcase time="0" name="org.eslint.func-names"><failure message="Unexpected unnamed function."><![CDATA[line 79, col 27, Warning - Unexpected unnamed function. (func-names)]]></failure></testcase>
<testcase time="0" name="org.eslint.prefer-arrow-callback"><failure message="Unexpected function expression."><![CDATA[line 79, col 27, Error - Unexpected function expression. (prefer-arrow-callback)]]></failure></testcase>
<testcase time="0" name="org.eslint.no-var"><failure message="Unexpected var, use let or const instead."><![CDATA[line 80, col 5, Error - Unexpected var, use let or const instead. (no-var)]]></failure></testcase>
<testcase time="0" name="org.eslint.no-undef"><failure message="&apos;sails&apos; is not defined."><![CDATA[line 80, col 33, Error - &apos;sails&apos; is not defined. (no-undef)]]></failure></testcase>
<testcase time="0" name="org.eslint.quotes"><failure message="Strings must use doublequote."><![CDATA[line 82, col 15, Error - Strings must use doublequote. (quotes)]]></failure></testcase>
<testcase time="0" name="org.eslint.func-names"><failure message="Unexpected unnamed function."><![CDATA[line 85, col 12, Warning - Unexpected unnamed function. (func-names)]]></failure></testcase>
<testcase time="0" name="org.eslint.prefer-arrow-callback"><failure message="Unexpected function expression."><![CDATA[line 85, col 12, Error - Unexpected function expression. (prefer-arrow-callback)]]></failure></testcase>
<testcase time="0" name="org.eslint.no-unused-vars"><failure message="&apos;result&apos; is defined but never used."><![CDATA[line 85, col 27, Error - &apos;result&apos; is defined but never used. (no-unused-vars)]]></failure></testcase>
<testcase time="0" name="org.eslint.no-console"><failure message="Unexpected console statement."><![CDATA[line 87, col 11, Warning - Unexpected console statement. (no-console)]]></failure></testcase>
<testcase time="0" name="org.eslint.quotes"><failure message="Strings must use doublequote."><![CDATA[line 87, col 23, Error - Strings must use doublequote. (quotes)]]></failure></testcase>
<testcase time="0" name="org.eslint.comma-spacing"><failure message="A space is required after &apos;,&apos;."><![CDATA[line 87, col 28, Error - A space is required after &apos;,&apos;. (comma-spacing)]]></failure></testcase>
<testcase time="0" name="org.eslint.no-undef"><failure message="&apos;it&apos; is not defined."><![CDATA[line 95, col 5, Error - &apos;it&apos; is not defined. (no-undef)]]></failure></testcase>
<testcase time="0" name="org.eslint.quotes"><failure message="Strings must use doublequote."><![CDATA[line 95, col 8, Error - Strings must use doublequote. (quotes)]]></failure></testcase>
<testcase time="0" name="org.eslint.prefer-arrow-callback"><failure message="Unexpected function expression."><![CDATA[line 95, col 30, Error - Unexpected function expression. (prefer-arrow-callback)]]></failure></testcase>
<testcase time="0" name="org.eslint.func-names"><failure message="Unexpected unnamed function."><![CDATA[line 95, col 30, Warning - Unexpected unnamed function. (func-names)]]></failure></testcase>
<testcase time="0" name="org.eslint.no-var"><failure message="Unexpected var, use let or const instead."><![CDATA[line 96, col 5, Error - Unexpected var, use let or const instead. (no-var)]]></failure></testcase>
<testcase time="0" name="org.eslint.no-undef"><failure message="&apos;sails&apos; is not defined."><![CDATA[line 96, col 33, Error - &apos;sails&apos; is not defined. (no-undef)]]></failure></testcase>
<testcase time="0" name="org.eslint.quotes"><failure message="Strings must use doublequote."><![CDATA[line 98, col 15, Error - Strings must use doublequote. (quotes)]]></failure></testcase>
<testcase time="0" name="org.eslint.prefer-arrow-callback"><failure message="Unexpected function expression."><![CDATA[line 101, col 12, Error - Unexpected function expression. (prefer-arrow-callback)]]></failure></testcase>
<testcase time="0" name="org.eslint.func-names"><failure message="Unexpected unnamed function."><![CDATA[line 101, col 12, Warning - Unexpected unnamed function. (func-names)]]></failure></testcase>
<testcase time="0" name="org.eslint.no-unused-vars"><failure message="&apos;result&apos; is defined but never used."><![CDATA[line 101, col 27, Error - &apos;result&apos; is defined but never used. (no-unused-vars)]]></failure></testcase>
<testcase time="0" name="org.eslint.no-console"><failure message="Unexpected console statement."><![CDATA[line 103, col 11, Warning - Unexpected console statement. (no-console)]]></failure></testcase>
<testcase time="0" name="org.eslint.quotes"><failure message="Strings must use doublequote."><![CDATA[line 103, col 23, Error - Strings must use doublequote. (quotes)]]></failure></testcase>
<testcase time="0" name="org.eslint.comma-spacing"><failure message="A space is required after &apos;,&apos;."><![CDATA[line 103, col 29, Error - A space is required after &apos;,&apos;. (comma-spacing)]]></failure></testcase>
<testcase time="0" name="org.eslint.padded-blocks"><failure message="Block must not be padded by blank lines."><![CDATA[line 106, col 16, Error - Block must not be padded by blank lines. (padded-blocks)]]></failure></testcase>
<testcase time="0" name="org.eslint.no-trailing-spaces"><failure message="Trailing spaces not allowed."><![CDATA[line 107, col 1, Error - Trailing spaces not allowed. (no-trailing-spaces)]]></failure></testcase>
<testcase time="0" name="org.eslint.no-multiple-empty-lines"><failure message="More than 2 blank lines not allowed."><![CDATA[line 107, col 1, Error - More than 2 blank lines not allowed. (no-multiple-empty-lines)]]></failure></testcase>
<testcase time="0" name="org.eslint.no-trailing-spaces"><failure message="Trailing spaces not allowed."><![CDATA[line 109, col 1, Error - Trailing spaces not allowed. (no-trailing-spaces)]]></failure></testcase>
<testcase time="0" name="org.eslint.no-undef"><failure message="&apos;it&apos; is not defined."><![CDATA[line 115, col 5, Error - &apos;it&apos; is not defined. (no-undef)]]></failure></testcase>
<testcase time="0" name="org.eslint.quotes"><failure message="Strings must use doublequote."><![CDATA[line 115, col 8, Error - Strings must use doublequote. (quotes)]]></failure></testcase>
<testcase time="0" name="org.eslint.func-names"><failure message="Unexpected unnamed function."><![CDATA[line 115, col 27, Warning - Unexpected unnamed function. (func-names)]]></failure></testcase>
<testcase time="0" name="org.eslint.prefer-arrow-callback"><failure message="Unexpected function expression."><![CDATA[line 115, col 27, Error - Unexpected function expression. (prefer-arrow-callback)]]></failure></testcase>
<testcase time="0" name="org.eslint.no-var"><failure message="Unexpected var, use let or const instead."><![CDATA[line 116, col 5, Error - Unexpected var, use let or const instead. (no-var)]]></failure></testcase>
<testcase time="0" name="org.eslint.no-undef"><failure message="&apos;sails&apos; is not defined."><![CDATA[line 116, col 33, Error - &apos;sails&apos; is not defined. (no-undef)]]></failure></testcase>
<testcase time="0" name="org.eslint.quotes"><failure message="Strings must use doublequote."><![CDATA[line 118, col 12, Error - Strings must use doublequote. (quotes)]]></failure></testcase>
<testcase time="0" name="org.eslint.func-names"><failure message="Unexpected unnamed function."><![CDATA[line 121, col 12, Warning - Unexpected unnamed function. (func-names)]]></failure></testcase>
<testcase time="0" name="org.eslint.prefer-arrow-callback"><failure message="Unexpected function expression."><![CDATA[line 121, col 12, Error - Unexpected function expression. (prefer-arrow-callback)]]></failure></testcase>
<testcase time="0" name="org.eslint.no-unused-vars"><failure message="&apos;result&apos; is defined but never used."><![CDATA[line 121, col 27, Error - &apos;result&apos; is defined but never used. (no-unused-vars)]]></failure></testcase>
<testcase time="0" name="org.eslint.no-console"><failure message="Unexpected console statement."><![CDATA[line 123, col 11, Warning - Unexpected console statement. (no-console)]]></failure></testcase>
<testcase time="0" name="org.eslint.quotes"><failure message="Strings must use doublequote."><![CDATA[line 123, col 23, Error - Strings must use doublequote. (quotes)]]></failure></testcase>
<testcase time="0" name="org.eslint.comma-spacing"><failure message="A space is required after &apos;,&apos;."><![CDATA[line 123, col 28, Error - A space is required after &apos;,&apos;. (comma-spacing)]]></failure></testcase>
<testcase time="0" name="org.eslint.padded-blocks"><failure message="Block must not be padded by blank lines."><![CDATA[line 126, col 16, Error - Block must not be padded by blank lines. (padded-blocks)]]></failure></testcase>
<testcase time="0" name="org.eslint.no-trailing-spaces"><failure message="Trailing spaces not allowed."><![CDATA[line 127, col 1, Error - Trailing spaces not allowed. (no-trailing-spaces)]]></failure></testcase>
<testcase time="0" name="org.eslint.padded-blocks"><failure message="Block must not be padded by blank lines."><![CDATA[line 134, col 1, Error - Block must not be padded by blank lines. (padded-blocks)]]></failure></testcase>
</testsuite>
<testsuite package="org.eslint" time="0" tests="1" errors="0" name="C:\Users\KIIT\Documents\workspace\frescoplay2\test\models\Accessories.test.js">
<testcase time="0" name="C:\Users\KIIT\Documents\workspace\frescoplay2\test\models\Accessories.test.js" />
</testsuite>
<testsuite package="org.eslint" time="0" tests="1" errors="0" name="C:\Users\KIIT\Documents\workspace\frescoplay2\test\models\Cars.test.js">
<testcase time="0" name="C:\Users\KIIT\Documents\workspace\frescoplay2\test\models\Cars.test.js" />
</testsuite>
<testsuite package="org.eslint" time="0" tests="1" errors="0" name="C:\Users\KIIT\Documents\workspace\frescoplay2\test\models\Manufacturer.test.js">
<testcase time="0" name="C:\Users\KIIT\Documents\workspace\frescoplay2\test\models\Manufacturer.test.js" />
</testsuite>
<testsuite package="org.eslint" time="0" tests="1" errors="0" name="C:\Users\KIIT\Documents\workspace\frescoplay2\test\models\Segment.test.js">
<testcase time="0" name="C:\Users\KIIT\Documents\workspace\frescoplay2\test\models\Segment.test.js" />
</testsuite>
<testsuite package="org.eslint" time="0" tests="1" errors="0" name="C:\Users\KIIT\Documents\workspace\frescoplay2\test\models\Varient.test.js">
<testcase time="0" name="C:\Users\KIIT\Documents\workspace\frescoplay2\test\models\Varient.test.js" />
</testsuite>
</testsuites>
